<?xml version="1.0" encoding="UTF-8"?>
<testsuite xmlns:xsi="http://www.w3.org/2001/XMLSchema-instance" xsi:noNamespaceSchemaLocation="https://maven.apache.org/surefire/maven-surefire-plugin/xsd/surefire-test-report-3.0.xsd" version="3.0" name="com.x.manage.service.controller.DeviceControllerTest" time="11.173" tests="2" errors="2" skipped="0" failures="0">
  <properties>
    <property name="java.specification.version" value="17"/>
    <property name="sun.cpu.isalist" value="amd64"/>
    <property name="sun.jnu.encoding" value="GBK"/>
    <property name="java.class.path" value="D:\work\project\me\x-service\x-manage-service\target\test-classes;D:\work\project\me\x-service\x-manage-service\target\classes;D:\work\project\me\x-service\x-common\target\x-common-1.0.0.jar;D:\soft\Repository\org\springframework\spring-context-support\6.0.13\spring-context-support-6.0.13.jar;D:\soft\Repository\org\springframework\spring-beans\6.0.13\spring-beans-6.0.13.jar;D:\soft\Repository\org\springframework\spring-core\6.0.13\spring-core-6.0.13.jar;D:\soft\Repository\org\springframework\spring-jcl\6.0.13\spring-jcl-6.0.13.jar;D:\soft\Repository\org\springframework\spring-web\6.0.13\spring-web-6.0.13.jar;D:\soft\Repository\org\springframework\spring-test\6.0.13\spring-test-6.0.13.jar;D:\soft\Repository\org\springframework\boot\spring-boot-starter-security\3.1.5\spring-boot-starter-security-3.1.5.jar;D:\soft\Repository\org\springframework\spring-aop\6.0.13\spring-aop-6.0.13.jar;D:\soft\Repository\org\springframework\security\spring-security-config\6.1.5\spring-security-config-6.1.5.jar;D:\soft\Repository\org\springframework\security\spring-security-core\6.1.5\spring-security-core-6.1.5.jar;D:\soft\Repository\org\springframework\security\spring-security-crypto\6.1.5\spring-security-crypto-6.1.5.jar;D:\soft\Repository\org\springframework\security\spring-security-web\6.1.5\spring-security-web-6.1.5.jar;D:\soft\Repository\org\springframework\boot\spring-boot-starter-validation\3.1.5\spring-boot-starter-validation-3.1.5.jar;D:\soft\Repository\org\apache\tomcat\embed\tomcat-embed-el\10.1.15\tomcat-embed-el-10.1.15.jar;D:\soft\Repository\org\hibernate\validator\hibernate-validator\8.0.1.Final\hibernate-validator-8.0.1.Final.jar;D:\soft\Repository\jakarta\validation\jakarta.validation-api\3.0.2\jakarta.validation-api-3.0.2.jar;D:\soft\Repository\org\jboss\logging\jboss-logging\3.5.3.Final\jboss-logging-3.5.3.Final.jar;D:\soft\Repository\com\fasterxml\classmate\1.5.1\classmate-1.5.1.jar;D:\soft\Repository\org\apache\commons\commons-lang3\3.12.0\commons-lang3-3.12.0.jar;D:\soft\Repository\com\baomidou\dynamic-datasource-spring-boot-starter\3.5.1\dynamic-datasource-spring-boot-starter-3.5.1.jar;D:\soft\Repository\org\springframework\boot\spring-boot-starter-jdbc\3.1.5\spring-boot-starter-jdbc-3.1.5.jar;D:\soft\Repository\com\zaxxer\HikariCP\5.0.1\HikariCP-5.0.1.jar;D:\soft\Repository\org\springframework\spring-jdbc\6.0.13\spring-jdbc-6.0.13.jar;D:\soft\Repository\org\springframework\boot\spring-boot-starter-aop\3.1.5\spring-boot-starter-aop-3.1.5.jar;D:\soft\Repository\org\aspectj\aspectjweaver\1.9.20\aspectjweaver-1.9.20.jar;D:\soft\Repository\com\alibaba\fastjson2\fastjson2\2.0.43\fastjson2-2.0.43.jar;D:\soft\Repository\commons-io\commons-io\2.14.0\commons-io-2.14.0.jar;D:\soft\Repository\org\apache\poi\poi\5.2.5\poi-5.2.5.jar;D:\soft\Repository\commons-codec\commons-codec\1.15\commons-codec-1.15.jar;D:\soft\Repository\org\apache\commons\commons-collections4\4.4\commons-collections4-4.4.jar;D:\soft\Repository\org\apache\commons\commons-math3\3.6.1\commons-math3-3.6.1.jar;D:\soft\Repository\com\zaxxer\SparseBitSet\1.3\SparseBitSet-1.3.jar;D:\soft\Repository\org\apache\logging\log4j\log4j-api\2.20.0\log4j-api-2.20.0.jar;D:\soft\Repository\com\alibaba\easyexcel\4.0.1\easyexcel-4.0.1.jar;D:\soft\Repository\com\alibaba\easyexcel-core\4.0.1\easyexcel-core-4.0.1.jar;D:\soft\Repository\com\alibaba\easyexcel-support\3.3.4\easyexcel-support-3.3.4.jar;D:\soft\Repository\org\apache\poi\poi-ooxml\5.2.5\poi-ooxml-5.2.5.jar;D:\soft\Repository\org\apache\poi\poi-ooxml-lite\5.2.5\poi-ooxml-lite-5.2.5.jar;D:\soft\Repository\org\apache\xmlbeans\xmlbeans\5.2.0\xmlbeans-5.2.0.jar;D:\soft\Repository\com\github\virtuald\curvesapi\1.08\curvesapi-1.08.jar;D:\soft\Repository\org\apache\commons\commons-csv\1.11.0\commons-csv-1.11.0.jar;D:\soft\Repository\org\ehcache\ehcache\3.10.8\ehcache-3.10.8.jar;D:\soft\Repository\javax\cache\cache-api\1.1.1\cache-api-1.1.1.jar;D:\soft\Repository\org\slf4j\slf4j-api\2.0.9\slf4j-api-2.0.9.jar;D:\soft\Repository\org\yaml\snakeyaml\1.33\snakeyaml-1.33.jar;D:\soft\Repository\io\jsonwebtoken\jjwt\0.9.1\jjwt-0.9.1.jar;D:\soft\Repository\com\fasterxml\jackson\core\jackson-databind\2.15.3\jackson-databind-2.15.3.jar;D:\soft\Repository\org\apache\commons\commons-pool2\2.11.1\commons-pool2-2.11.1.jar;D:\soft\Repository\eu\bitwalker\UserAgentUtils\1.21\UserAgentUtils-1.21.jar;D:\soft\Repository\jakarta\servlet\jakarta.servlet-api\6.0.0\jakarta.servlet-api-6.0.0.jar;D:\soft\Repository\cn\hutool\hutool-all\5.8.26\hutool-all-5.8.26.jar;D:\soft\Repository\org\springdoc\springdoc-openapi-starter-webmvc-ui\2.3.0\springdoc-openapi-starter-webmvc-ui-2.3.0.jar;D:\soft\Repository\org\springdoc\springdoc-openapi-starter-webmvc-api\2.3.0\springdoc-openapi-starter-webmvc-api-2.3.0.jar;D:\soft\Repository\org\springdoc\springdoc-openapi-starter-common\2.3.0\springdoc-openapi-starter-common-2.3.0.jar;D:\soft\Repository\io\swagger\core\v3\swagger-core-jakarta\2.2.19\swagger-core-jakarta-2.2.19.jar;D:\soft\Repository\io\swagger\core\v3\swagger-annotations-jakarta\2.2.19\swagger-annotations-jakarta-2.2.19.jar;D:\soft\Repository\io\swagger\core\v3\swagger-models-jakarta\2.2.19\swagger-models-jakarta-2.2.19.jar;D:\soft\Repository\org\webjars\swagger-ui\5.10.3\swagger-ui-5.10.3.jar;D:\soft\Repository\joda-time\joda-time\2.10.14\joda-time-2.10.14.jar;D:\soft\Repository\org\apache\iotdb\service-rpc\0.13.3\service-rpc-0.13.3.jar;D:\soft\Repository\org\apache\iotdb\tsfile\0.13.3\tsfile-0.13.3.jar;D:\soft\Repository\org\apache\iotdb\iotdb-thrift\0.13.3\iotdb-thrift-0.13.3.jar;D:\soft\Repository\org\apache\thrift\libthrift\0.14.1\libthrift-0.14.1.jar;D:\soft\Repository\org\apache\iotdb\influxdb-thrift\0.13.3\influxdb-thrift-0.13.3.jar;D:\soft\Repository\org\xerial\snappy\snappy-java\1.1.8.4\snappy-java-1.1.8.4.jar;D:\soft\Repository\ch\qos\logback\logback-classic\1.4.11\logback-classic-1.4.11.jar;D:\soft\Repository\ch\qos\logback\logback-core\1.4.11\logback-core-1.4.11.jar;D:\soft\Repository\javax\xml\bind\jaxb-api\2.3.1\jaxb-api-2.3.1.jar;D:\soft\Repository\javax\activation\javax.activation-api\1.2.0\javax.activation-api-1.2.0.jar;D:\soft\Repository\org\glassfish\jaxb\jaxb-runtime\4.0.3\jaxb-runtime-4.0.3.jar;D:\soft\Repository\org\glassfish\jaxb\jaxb-core\4.0.3\jaxb-core-4.0.3.jar;D:\soft\Repository\jakarta\xml\bind\jakarta.xml.bind-api\4.0.1\jakarta.xml.bind-api-4.0.1.jar;D:\soft\Repository\org\eclipse\angus\angus-activation\2.0.1\angus-activation-2.0.1.jar;D:\soft\Repository\org\glassfish\jaxb\txw2\4.0.3\txw2-4.0.3.jar;D:\soft\Repository\com\sun\istack\istack-commons-runtime\4.1.2\istack-commons-runtime-4.1.2.jar;D:\soft\Repository\org\apache\iotdb\iotdb-session\0.13.3\iotdb-session-0.13.3.jar;D:\soft\Repository\org\mongodb\mongodb-driver-sync\4.8.0\mongodb-driver-sync-4.8.0.jar;D:\soft\Repository\org\mongodb\bson\4.9.1\bson-4.9.1.jar;D:\soft\Repository\org\mongodb\mongodb-driver-core\4.9.1\mongodb-driver-core-4.9.1.jar;D:\soft\Repository\org\mongodb\bson-record-codec\4.9.1\bson-record-codec-4.9.1.jar;D:\soft\Repository\org\apache\kafka\kafka-clients\3.3.1\kafka-clients-3.3.1.jar;D:\soft\Repository\com\github\luben\zstd-jni\1.5.2-1\zstd-jni-1.5.2-1.jar;D:\soft\Repository\org\lz4\lz4-java\1.8.0\lz4-java-1.8.0.jar;D:\soft\Repository\com\rabbitmq\amqp-client\5.16.0\amqp-client-5.16.0.jar;D:\soft\Repository\io\minio\minio\8.5.1\minio-8.5.1.jar;D:\soft\Repository\com\carrotsearch\thirdparty\simple-xml-safe\2.7.1\simple-xml-safe-2.7.1.jar;D:\soft\Repository\com\google\guava\guava\30.1.1-jre\guava-30.1.1-jre.jar;D:\soft\Repository\com\google\guava\failureaccess\1.0.1\failureaccess-1.0.1.jar;D:\soft\Repository\com\google\guava\listenablefuture\9999.0-empty-to-avoid-conflict-with-guava\listenablefuture-9999.0-empty-to-avoid-conflict-with-guava.jar;D:\soft\Repository\org\checkerframework\checker-qual\3.8.0\checker-qual-3.8.0.jar;D:\soft\Repository\com\google\j2objc\j2objc-annotations\1.3\j2objc-annotations-1.3.jar;D:\soft\Repository\com\squareup\okhttp3\okhttp\4.10.0\okhttp-4.10.0.jar;D:\soft\Repository\com\squareup\okio\okio-jvm\3.0.0\okio-jvm-3.0.0.jar;D:\soft\Repository\org\jetbrains\kotlin\kotlin-stdlib-jdk8\1.8.22\kotlin-stdlib-jdk8-1.8.22.jar;D:\soft\Repository\org\jetbrains\kotlin\kotlin-stdlib-jdk7\1.8.22\kotlin-stdlib-jdk7-1.8.22.jar;D:\soft\Repository\org\jetbrains\kotlin\kotlin-stdlib-common\1.8.22\kotlin-stdlib-common-1.8.22.jar;D:\soft\Repository\org\jetbrains\kotlin\kotlin-stdlib\1.8.22\kotlin-stdlib-1.8.22.jar;D:\soft\Repository\org\jetbrains\annotations\13.0\annotations-13.0.jar;D:\soft\Repository\com\fasterxml\jackson\core\jackson-annotations\2.15.3\jackson-annotations-2.15.3.jar;D:\soft\Repository\com\fasterxml\jackson\core\jackson-core\2.15.3\jackson-core-2.15.3.jar;D:\soft\Repository\org\bouncycastle\bcprov-jdk15on\1.69\bcprov-jdk15on-1.69.jar;D:\soft\Repository\org\apache\commons\commons-compress\1.21\commons-compress-1.21.jar;D:\soft\Repository\io\netty\netty-all\4.1.90.Final\netty-all-4.1.90.Final.jar;D:\soft\Repository\io\netty\netty-buffer\4.1.100.Final\netty-buffer-4.1.100.Final.jar;D:\soft\Repository\io\netty\netty-codec\4.1.100.Final\netty-codec-4.1.100.Final.jar;D:\soft\Repository\io\netty\netty-codec-dns\4.1.100.Final\netty-codec-dns-4.1.100.Final.jar;D:\soft\Repository\io\netty\netty-codec-haproxy\4.1.100.Final\netty-codec-haproxy-4.1.100.Final.jar;D:\soft\Repository\io\netty\netty-codec-http\4.1.100.Final\netty-codec-http-4.1.100.Final.jar;D:\soft\Repository\io\netty\netty-codec-http2\4.1.100.Final\netty-codec-http2-4.1.100.Final.jar;D:\soft\Repository\io\netty\netty-codec-memcache\4.1.100.Final\netty-codec-memcache-4.1.100.Final.jar;D:\soft\Repository\io\netty\netty-codec-mqtt\4.1.100.Final\netty-codec-mqtt-4.1.100.Final.jar;D:\soft\Repository\io\netty\netty-codec-redis\4.1.100.Final\netty-codec-redis-4.1.100.Final.jar;D:\soft\Repository\io\netty\netty-codec-smtp\4.1.100.Final\netty-codec-smtp-4.1.100.Final.jar;D:\soft\Repository\io\netty\netty-codec-socks\4.1.100.Final\netty-codec-socks-4.1.100.Final.jar;D:\soft\Repository\io\netty\netty-codec-stomp\4.1.100.Final\netty-codec-stomp-4.1.100.Final.jar;D:\soft\Repository\io\netty\netty-codec-xml\4.1.100.Final\netty-codec-xml-4.1.100.Final.jar;D:\soft\Repository\io\netty\netty-common\4.1.100.Final\netty-common-4.1.100.Final.jar;D:\soft\Repository\io\netty\netty-handler\4.1.100.Final\netty-handler-4.1.100.Final.jar;D:\soft\Repository\io\netty\netty-transport-native-unix-common\4.1.100.Final\netty-transport-native-unix-common-4.1.100.Final.jar;D:\soft\Repository\io\netty\netty-handler-proxy\4.1.100.Final\netty-handler-proxy-4.1.100.Final.jar;D:\soft\Repository\io\netty\netty-handler-ssl-ocsp\4.1.100.Final\netty-handler-ssl-ocsp-4.1.100.Final.jar;D:\soft\Repository\io\netty\netty-resolver\4.1.100.Final\netty-resolver-4.1.100.Final.jar;D:\soft\Repository\io\netty\netty-resolver-dns\4.1.100.Final\netty-resolver-dns-4.1.100.Final.jar;D:\soft\Repository\io\netty\netty-transport\4.1.100.Final\netty-transport-4.1.100.Final.jar;D:\soft\Repository\io\netty\netty-transport-rxtx\4.1.100.Final\netty-transport-rxtx-4.1.100.Final.jar;D:\soft\Repository\io\netty\netty-transport-sctp\4.1.100.Final\netty-transport-sctp-4.1.100.Final.jar;D:\soft\Repository\io\netty\netty-transport-udt\4.1.100.Final\netty-transport-udt-4.1.100.Final.jar;D:\soft\Repository\io\netty\netty-transport-classes-epoll\4.1.100.Final\netty-transport-classes-epoll-4.1.100.Final.jar;D:\soft\Repository\io\netty\netty-transport-classes-kqueue\4.1.100.Final\netty-transport-classes-kqueue-4.1.100.Final.jar;D:\soft\Repository\io\netty\netty-resolver-dns-classes-macos\4.1.100.Final\netty-resolver-dns-classes-macos-4.1.100.Final.jar;D:\soft\Repository\io\netty\netty-transport-native-epoll\4.1.100.Final\netty-transport-native-epoll-4.1.100.Final-linux-x86_64.jar;D:\soft\Repository\io\netty\netty-transport-native-epoll\4.1.100.Final\netty-transport-native-epoll-4.1.100.Final-linux-aarch_64.jar;D:\soft\Repository\io\netty\netty-transport-native-kqueue\4.1.100.Final\netty-transport-native-kqueue-4.1.100.Final-osx-x86_64.jar;D:\soft\Repository\io\netty\netty-transport-native-kqueue\4.1.100.Final\netty-transport-native-kqueue-4.1.100.Final-osx-aarch_64.jar;D:\soft\Repository\io\netty\netty-resolver-dns-native-macos\4.1.100.Final\netty-resolver-dns-native-macos-4.1.100.Final-osx-x86_64.jar;D:\soft\Repository\io\netty\netty-resolver-dns-native-macos\4.1.100.Final\netty-resolver-dns-native-macos-4.1.100.Final-osx-aarch_64.jar;D:\soft\Repository\org\apache\hadoop\hadoop-client\3.3.4\hadoop-client-3.3.4.jar;D:\soft\Repository\org\apache\hadoop\hadoop-common\3.3.4\hadoop-common-3.3.4.jar;D:\soft\Repository\org\apache\hadoop\thirdparty\hadoop-shaded-protobuf_3_7\1.1.1\hadoop-shaded-protobuf_3_7-1.1.1.jar;D:\soft\Repository\org\apache\hadoop\thirdparty\hadoop-shaded-guava\1.1.1\hadoop-shaded-guava-1.1.1.jar;D:\soft\Repository\commons-cli\commons-cli\1.2\commons-cli-1.2.jar;D:\soft\Repository\org\apache\httpcomponents\httpclient\4.5.13\httpclient-4.5.13.jar;D:\soft\Repository\commons-net\commons-net\3.6\commons-net-3.6.jar;D:\soft\Repository\commons-collections\commons-collections\3.2.2\commons-collections-3.2.2.jar;D:\soft\Repository\jakarta\activation\jakarta.activation-api\2.1.2\jakarta.activation-api-2.1.2.jar;D:\soft\Repository\org\eclipse\jetty\jetty-servlet\11.0.17\jetty-servlet-11.0.17.jar;D:\soft\Repository\org\eclipse\jetty\jetty-security\11.0.17\jetty-security-11.0.17.jar;D:\soft\Repository\org\eclipse\jetty\jetty-webapp\11.0.17\jetty-webapp-11.0.17.jar;D:\soft\Repository\org\eclipse\jetty\jetty-xml\11.0.17\jetty-xml-11.0.17.jar;D:\soft\Repository\javax\servlet\jsp\jsp-api\2.1\jsp-api-2.1.jar;D:\soft\Repository\com\sun\jersey\jersey-servlet\1.19\jersey-servlet-1.19.jar;D:\soft\Repository\commons-logging\commons-logging\1.1.3\commons-logging-1.1.3.jar;D:\soft\Repository\ch\qos\reload4j\reload4j\1.2.22\reload4j-1.2.22.jar;D:\soft\Repository\commons-beanutils\commons-beanutils\1.9.4\commons-beanutils-1.9.4.jar;D:\soft\Repository\org\apache\commons\commons-configuration2\2.1.1\commons-configuration2-2.1.1.jar;D:\soft\Repository\org\apache\commons\commons-text\1.4\commons-text-1.4.jar;D:\soft\Repository\org\slf4j\slf4j-reload4j\2.0.9\slf4j-reload4j-2.0.9.jar;D:\soft\Repository\org\apache\avro\avro\1.7.7\avro-1.7.7.jar;D:\soft\Repository\org\codehaus\jackson\jackson-core-asl\1.9.13\jackson-core-asl-1.9.13.jar;D:\soft\Repository\org\codehaus\jackson\jackson-mapper-asl\1.9.13\jackson-mapper-asl-1.9.13.jar;D:\soft\Repository\com\thoughtworks\paranamer\paranamer\2.3\paranamer-2.3.jar;D:\soft\Repository\com\google\re2j\re2j\1.1\re2j-1.1.jar;D:\soft\Repository\org\apache\hadoop\hadoop-auth\3.3.4\hadoop-auth-3.3.4.jar;D:\soft\Repository\com\nimbusds\nimbus-jose-jwt\9.8.1\nimbus-jose-jwt-9.8.1.jar;D:\soft\Repository\com\github\stephenc\jcip\jcip-annotations\1.0-1\jcip-annotations-1.0-1.jar;D:\soft\Repository\net\minidev\json-smart\2.4.11\json-smart-2.4.11.jar;D:\soft\Repository\net\minidev\accessors-smart\2.4.11\accessors-smart-2.4.11.jar;D:\soft\Repository\org\ow2\asm\asm\9.3\asm-9.3.jar;D:\soft\Repository\org\apache\curator\curator-framework\5.1.0\curator-framework-5.1.0.jar;D:\soft\Repository\org\apache\kerby\kerb-simplekdc\1.0.1\kerb-simplekdc-1.0.1.jar;D:\soft\Repository\org\apache\kerby\kerb-client\1.0.1\kerb-client-1.0.1.jar;D:\soft\Repository\org\apache\kerby\kerby-config\1.0.1\kerby-config-1.0.1.jar;D:\soft\Repository\org\apache\kerby\kerb-common\1.0.1\kerb-common-1.0.1.jar;D:\soft\Repository\org\apache\kerby\kerb-crypto\1.0.1\kerb-crypto-1.0.1.jar;D:\soft\Repository\org\apache\kerby\kerb-util\1.0.1\kerb-util-1.0.1.jar;D:\soft\Repository\org\apache\kerby\token-provider\1.0.1\token-provider-1.0.1.jar;D:\soft\Repository\org\apache\kerby\kerb-admin\1.0.1\kerb-admin-1.0.1.jar;D:\soft\Repository\org\apache\kerby\kerb-server\1.0.1\kerb-server-1.0.1.jar;D:\soft\Repository\org\apache\kerby\kerb-identity\1.0.1\kerb-identity-1.0.1.jar;D:\soft\Repository\org\apache\kerby\kerby-xdr\1.0.1\kerby-xdr-1.0.1.jar;D:\soft\Repository\org\apache\curator\curator-client\4.2.0\curator-client-4.2.0.jar;D:\soft\Repository\org\apache\curator\curator-recipes\5.1.0\curator-recipes-5.1.0.jar;D:\soft\Repository\org\apache\kerby\kerb-core\1.0.1\kerb-core-1.0.1.jar;D:\soft\Repository\org\apache\kerby\kerby-pkix\1.0.1\kerby-pkix-1.0.1.jar;D:\soft\Repository\org\apache\kerby\kerby-asn1\1.0.1\kerby-asn1-1.0.1.jar;D:\soft\Repository\org\apache\kerby\kerby-util\1.0.1\kerby-util-1.0.1.jar;D:\soft\Repository\org\codehaus\woodstox\stax2-api\4.2.1\stax2-api-4.2.1.jar;D:\soft\Repository\com\fasterxml\woodstox\woodstox-core\5.3.0\woodstox-core-5.3.0.jar;D:\soft\Repository\dnsjava\dnsjava\2.1.7\dnsjava-2.1.7.jar;D:\soft\Repository\org\apache\hadoop\hadoop-hdfs-client\3.3.4\hadoop-hdfs-client-3.3.4.jar;D:\soft\Repository\org\apache\hadoop\hadoop-yarn-api\3.3.4\hadoop-yarn-api-3.3.4.jar;D:\soft\Repository\org\apache\hadoop\hadoop-yarn-client\3.3.4\hadoop-yarn-client-3.3.4.jar;D:\soft\Repository\org\eclipse\jetty\websocket\websocket-client\9.4.43.v20210629\websocket-client-9.4.43.v20210629.jar;D:\soft\Repository\org\eclipse\jetty\jetty-client\11.0.17\jetty-client-11.0.17.jar;D:\soft\Repository\org\eclipse\jetty\jetty-http\11.0.17\jetty-http-11.0.17.jar;D:\soft\Repository\org\eclipse\jetty\jetty-alpn-client\11.0.17\jetty-alpn-client-11.0.17.jar;D:\soft\Repository\org\eclipse\jetty\jetty-util\11.0.17\jetty-util-11.0.17.jar;D:\soft\Repository\org\eclipse\jetty\jetty-io\11.0.17\jetty-io-11.0.17.jar;D:\soft\Repository\org\eclipse\jetty\websocket\websocket-common\9.4.43.v20210629\websocket-common-9.4.43.v20210629.jar;D:\soft\Repository\org\eclipse\jetty\websocket\websocket-api\9.4.43.v20210629\websocket-api-9.4.43.v20210629.jar;D:\soft\Repository\org\jline\jline\3.9.0\jline-3.9.0.jar;D:\soft\Repository\org\apache\hadoop\hadoop-mapreduce-client-core\3.3.4\hadoop-mapreduce-client-core-3.3.4.jar;D:\soft\Repository\org\apache\hadoop\hadoop-yarn-common\3.3.4\hadoop-yarn-common-3.3.4.jar;D:\soft\Repository\javax\servlet\javax.servlet-api\3.1.0\javax.servlet-api-3.1.0.jar;D:\soft\Repository\com\sun\jersey\jersey-core\1.19\jersey-core-1.19.jar;D:\soft\Repository\javax\ws\rs\jsr311-api\1.1.1\jsr311-api-1.1.1.jar;D:\soft\Repository\com\sun\jersey\jersey-client\1.19\jersey-client-1.19.jar;D:\soft\Repository\com\fasterxml\jackson\module\jackson-module-jaxb-annotations\2.15.3\jackson-module-jaxb-annotations-2.15.3.jar;D:\soft\Repository\com\fasterxml\jackson\jaxrs\jackson-jaxrs-json-provider\2.15.3\jackson-jaxrs-json-provider-2.15.3.jar;D:\soft\Repository\com\fasterxml\jackson\jaxrs\jackson-jaxrs-base\2.15.3\jackson-jaxrs-base-2.15.3.jar;D:\soft\Repository\org\apache\hadoop\hadoop-mapreduce-client-jobclient\3.3.4\hadoop-mapreduce-client-jobclient-3.3.4.jar;D:\soft\Repository\org\apache\hadoop\hadoop-mapreduce-client-common\3.3.4\hadoop-mapreduce-client-common-3.3.4.jar;D:\soft\Repository\org\apache\hadoop\hadoop-annotations\3.3.4\hadoop-annotations-3.3.4.jar;D:\soft\Repository\org\apache\flink\flink-streaming-java\1.16.1\flink-streaming-java-1.16.1.jar;D:\soft\Repository\org\apache\flink\flink-core\1.16.1\flink-core-1.16.1.jar;D:\soft\Repository\org\apache\flink\flink-annotations\1.16.1\flink-annotations-1.16.1.jar;D:\soft\Repository\org\apache\flink\flink-metrics-core\1.16.1\flink-metrics-core-1.16.1.jar;D:\soft\Repository\org\apache\flink\flink-shaded-asm-9\9.2-15.0\flink-shaded-asm-9-9.2-15.0.jar;D:\soft\Repository\org\apache\flink\flink-shaded-jackson\2.12.4-15.0\flink-shaded-jackson-2.12.4-15.0.jar;D:\soft\Repository\com\esotericsoftware\kryo\kryo\2.24.0\kryo-2.24.0.jar;D:\soft\Repository\com\esotericsoftware\minlog\minlog\1.2\minlog-1.2.jar;D:\soft\Repository\org\objenesis\objenesis\2.1\objenesis-2.1.jar;D:\soft\Repository\org\apache\flink\flink-file-sink-common\1.16.1\flink-file-sink-common-1.16.1.jar;D:\soft\Repository\org\apache\flink\flink-runtime\1.16.1\flink-runtime-1.16.1.jar;D:\soft\Repository\org\apache\flink\flink-rpc-core\1.16.1\flink-rpc-core-1.16.1.jar;D:\soft\Repository\org\apache\flink\flink-rpc-akka-loader\1.16.1\flink-rpc-akka-loader-1.16.1.jar;D:\soft\Repository\org\apache\flink\flink-queryable-state-client-java\1.16.1\flink-queryable-state-client-java-1.16.1.jar;D:\soft\Repository\org\apache\flink\flink-hadoop-fs\1.16.1\flink-hadoop-fs-1.16.1.jar;D:\soft\Repository\org\apache\flink\flink-shaded-netty\4.1.70.Final-15.0\flink-shaded-netty-4.1.70.Final-15.0.jar;D:\soft\Repository\org\apache\flink\flink-shaded-zookeeper-3\3.5.9-15.0\flink-shaded-zookeeper-3-3.5.9-15.0.jar;D:\soft\Repository\org\javassist\javassist\3.24.0-GA\javassist-3.24.0-GA.jar;D:\soft\Repository\org\apache\flink\flink-java\1.16.1\flink-java-1.16.1.jar;D:\soft\Repository\com\twitter\chill-java\0.7.6\chill-java-0.7.6.jar;D:\soft\Repository\org\apache\flink\flink-shaded-guava\30.1.1-jre-15.0\flink-shaded-guava-30.1.1-jre-15.0.jar;D:\soft\Repository\com\google\code\findbugs\jsr305\1.3.9\jsr305-1.3.9.jar;D:\soft\Repository\org\apache\flink\flink-shaded-force-shading\15.0\flink-shaded-force-shading-15.0.jar;D:\soft\Repository\com\alibaba\boot\nacos-config-spring-boot-starter\0.3.0-RC\nacos-config-spring-boot-starter-0.3.0-RC.jar;D:\soft\Repository\com\alibaba\nacos\nacos-spring-context\2.1.0-RC\nacos-spring-context-2.1.0-RC.jar;D:\soft\Repository\com\alibaba\spring\spring-context-support\1.0.11\spring-context-support-1.0.11.jar;D:\soft\Repository\com\alibaba\boot\nacos-config-spring-boot-autoconfigure\0.3.0-RC\nacos-config-spring-boot-autoconfigure-0.3.0-RC.jar;D:\soft\Repository\com\alibaba\boot\nacos-spring-boot-base\0.3.0-RC\nacos-spring-boot-base-0.3.0-RC.jar;D:\soft\Repository\com\alibaba\boot\nacos-spring-boot-aot\0.3.0-RC\nacos-spring-boot-aot-0.3.0-RC.jar;D:\soft\Repository\io\grpc\grpc-protobuf\1.58.0\grpc-protobuf-1.58.0.jar;D:\soft\Repository\io\grpc\grpc-api\1.58.0\grpc-api-1.58.0.jar;D:\soft\Repository\com\google\api\grpc\proto-google-common-protos\2.22.0\proto-google-common-protos-2.22.0.jar;D:\soft\Repository\io\grpc\grpc-protobuf-lite\1.58.0\grpc-protobuf-lite-1.58.0.jar;D:\soft\Repository\io\grpc\grpc-stub\1.58.0\grpc-stub-1.58.0.jar;D:\soft\Repository\com\google\errorprone\error_prone_annotations\2.20.0\error_prone_annotations-2.20.0.jar;D:\soft\Repository\io\grpc\grpc-netty-shaded\1.58.0\grpc-netty-shaded-1.58.0.jar;D:\soft\Repository\io\perfmark\perfmark-api\0.26.0\perfmark-api-0.26.0.jar;D:\soft\Repository\io\grpc\grpc-core\1.58.0\grpc-core-1.58.0.jar;D:\soft\Repository\com\google\android\annotations\4.1.1.4\annotations-4.1.1.4.jar;D:\soft\Repository\org\codehaus\mojo\animal-sniffer-annotations\1.23\animal-sniffer-annotations-1.23.jar;D:\soft\Repository\io\grpc\grpc-context\1.58.0\grpc-context-1.58.0.jar;D:\soft\Repository\io\grpc\grpc-util\1.58.0\grpc-util-1.58.0.jar;D:\soft\Repository\com\xuxueli\xxl-job-core\2.3.1\xxl-job-core-2.3.1.jar;D:\soft\Repository\com\google\code\gson\gson\2.10.1\gson-2.10.1.jar;D:\soft\Repository\org\codehaus\groovy\groovy\3.0.10\groovy-3.0.10.jar;D:\soft\Repository\io\micrometer\micrometer-core\1.11.0\micrometer-core-1.11.0.jar;D:\soft\Repository\io\micrometer\micrometer-commons\1.11.5\micrometer-commons-1.11.5.jar;D:\soft\Repository\org\hdrhistogram\HdrHistogram\2.1.12\HdrHistogram-2.1.12.jar;D:\soft\Repository\org\latencyutils\LatencyUtils\2.0.3\LatencyUtils-2.0.3.jar;D:\soft\Repository\org\elasticsearch\client\elasticsearch-rest-high-level-client\7.17.10\elasticsearch-rest-high-level-client-7.17.10.jar;D:\soft\Repository\org\elasticsearch\elasticsearch\7.17.10\elasticsearch-7.17.10.jar;D:\soft\Repository\org\elasticsearch\elasticsearch-core\7.17.10\elasticsearch-core-7.17.10.jar;D:\soft\Repository\org\elasticsearch\elasticsearch-secure-sm\7.17.10\elasticsearch-secure-sm-7.17.10.jar;D:\soft\Repository\org\elasticsearch\elasticsearch-x-content\7.17.10\elasticsearch-x-content-7.17.10.jar;D:\soft\Repository\com\fasterxml\jackson\dataformat\jackson-dataformat-smile\2.15.3\jackson-dataformat-smile-2.15.3.jar;D:\soft\Repository\com\fasterxml\jackson\dataformat\jackson-dataformat-yaml\2.15.3\jackson-dataformat-yaml-2.15.3.jar;D:\soft\Repository\com\fasterxml\jackson\dataformat\jackson-dataformat-cbor\2.15.3\jackson-dataformat-cbor-2.15.3.jar;D:\soft\Repository\org\elasticsearch\elasticsearch-geo\7.17.10\elasticsearch-geo-7.17.10.jar;D:\soft\Repository\org\elasticsearch\elasticsearch-lz4\7.17.10\elasticsearch-lz4-7.17.10.jar;D:\soft\Repository\org\apache\lucene\lucene-core\8.11.1\lucene-core-8.11.1.jar;D:\soft\Repository\org\apache\lucene\lucene-analyzers-common\8.11.1\lucene-analyzers-common-8.11.1.jar;D:\soft\Repository\org\apache\lucene\lucene-backward-codecs\8.11.1\lucene-backward-codecs-8.11.1.jar;D:\soft\Repository\org\apache\lucene\lucene-grouping\8.11.1\lucene-grouping-8.11.1.jar;D:\soft\Repository\org\apache\lucene\lucene-highlighter\8.11.1\lucene-highlighter-8.11.1.jar;D:\soft\Repository\org\apache\lucene\lucene-join\8.11.1\lucene-join-8.11.1.jar;D:\soft\Repository\org\apache\lucene\lucene-memory\8.11.1\lucene-memory-8.11.1.jar;D:\soft\Repository\org\apache\lucene\lucene-misc\8.11.1\lucene-misc-8.11.1.jar;D:\soft\Repository\org\apache\lucene\lucene-queries\8.11.1\lucene-queries-8.11.1.jar;D:\soft\Repository\org\apache\lucene\lucene-queryparser\8.11.1\lucene-queryparser-8.11.1.jar;D:\soft\Repository\org\apache\lucene\lucene-sandbox\8.11.1\lucene-sandbox-8.11.1.jar;D:\soft\Repository\org\apache\lucene\lucene-spatial3d\8.11.1\lucene-spatial3d-8.11.1.jar;D:\soft\Repository\org\apache\lucene\lucene-suggest\8.11.1\lucene-suggest-8.11.1.jar;D:\soft\Repository\org\elasticsearch\elasticsearch-cli\7.17.10\elasticsearch-cli-7.17.10.jar;D:\soft\Repository\net\sf\jopt-simple\jopt-simple\5.0.2\jopt-simple-5.0.2.jar;D:\soft\Repository\com\carrotsearch\hppc\0.8.1\hppc-0.8.1.jar;D:\soft\Repository\com\tdunning\t-digest\3.2\t-digest-3.2.jar;D:\soft\Repository\net\java\dev\jna\jna\5.10.0\jna-5.10.0.jar;D:\soft\Repository\org\elasticsearch\elasticsearch-plugin-classloader\7.17.10\elasticsearch-plugin-classloader-7.17.10.jar;D:\soft\Repository\org\elasticsearch\client\elasticsearch-rest-client\8.7.1\elasticsearch-rest-client-8.7.1.jar;D:\soft\Repository\org\apache\httpcomponents\httpcore\4.4.16\httpcore-4.4.16.jar;D:\soft\Repository\org\apache\httpcomponents\httpcore-nio\4.4.16\httpcore-nio-4.4.16.jar;D:\soft\Repository\org\elasticsearch\plugin\mapper-extras-client\7.17.10\mapper-extras-client-7.17.10.jar;D:\soft\Repository\org\elasticsearch\plugin\parent-join-client\7.17.10\parent-join-client-7.17.10.jar;D:\soft\Repository\org\elasticsearch\plugin\aggs-matrix-stats-client\7.17.10\aggs-matrix-stats-client-7.17.10.jar;D:\soft\Repository\org\elasticsearch\plugin\rank-eval-client\7.17.10\rank-eval-client-7.17.10.jar;D:\soft\Repository\org\elasticsearch\plugin\lang-mustache-client\7.17.10\lang-mustache-client-7.17.10.jar;D:\soft\Repository\com\github\spullara\mustache\java\compiler\0.9.6\compiler-0.9.6.jar;D:\soft\Repository\net\devh\grpc-client-spring-boot-autoconfigure\2.14.0.RELEASE\grpc-client-spring-boot-autoconfigure-2.14.0.RELEASE.jar;D:\soft\Repository\net\devh\grpc-common-spring-boot\2.14.0.RELEASE\grpc-common-spring-boot-2.14.0.RELEASE.jar;D:\soft\Repository\org\springframework\kafka\spring-kafka\3.0.12\spring-kafka-3.0.12.jar;D:\soft\Repository\org\springframework\spring-messaging\6.0.13\spring-messaging-6.0.13.jar;D:\soft\Repository\org\springframework\spring-tx\6.0.13\spring-tx-6.0.13.jar;D:\soft\Repository\org\springframework\retry\spring-retry\2.0.4\spring-retry-2.0.4.jar;D:\soft\Repository\com\alibaba\nacos\nacos-client\2.1.0\nacos-client-2.1.0.jar;D:\soft\Repository\com\alibaba\nacos\nacos-auth-plugin\2.1.0\nacos-auth-plugin-2.1.0.jar;D:\soft\Repository\com\alibaba\nacos\nacos-encryption-plugin\2.1.0\nacos-encryption-plugin-2.1.0.jar;D:\soft\Repository\org\apache\httpcomponents\httpasyncclient\4.1.5\httpasyncclient-4.1.5.jar;D:\soft\Repository\io\prometheus\simpleclient\0.16.0\simpleclient-0.16.0.jar;D:\soft\Repository\io\prometheus\simpleclient_tracer_otel\0.16.0\simpleclient_tracer_otel-0.16.0.jar;D:\soft\Repository\io\prometheus\simpleclient_tracer_common\0.16.0\simpleclient_tracer_common-0.16.0.jar;D:\soft\Repository\io\prometheus\simpleclient_tracer_otel_agent\0.16.0\simpleclient_tracer_otel_agent-0.16.0.jar;D:\soft\Repository\org\springframework\amqp\spring-rabbit\3.0.10\spring-rabbit-3.0.10.jar;D:\soft\Repository\org\springframework\amqp\spring-amqp\3.0.10\spring-amqp-3.0.10.jar;D:\soft\Repository\org\springframework\boot\spring-boot-starter-web\3.1.5\spring-boot-starter-web-3.1.5.jar;D:\soft\Repository\org\springframework\boot\spring-boot-starter\3.1.5\spring-boot-starter-3.1.5.jar;D:\soft\Repository\org\springframework\boot\spring-boot-autoconfigure\3.1.5\spring-boot-autoconfigure-3.1.5.jar;D:\soft\Repository\org\springframework\boot\spring-boot-starter-logging\3.1.5\spring-boot-starter-logging-3.1.5.jar;D:\soft\Repository\org\apache\logging\log4j\log4j-to-slf4j\2.20.0\log4j-to-slf4j-2.20.0.jar;D:\soft\Repository\org\slf4j\jul-to-slf4j\2.0.9\jul-to-slf4j-2.0.9.jar;D:\soft\Repository\jakarta\annotation\jakarta.annotation-api\2.1.1\jakarta.annotation-api-2.1.1.jar;D:\soft\Repository\org\springframework\boot\spring-boot-starter-json\3.1.5\spring-boot-starter-json-3.1.5.jar;D:\soft\Repository\com\fasterxml\jackson\datatype\jackson-datatype-jdk8\2.15.3\jackson-datatype-jdk8-2.15.3.jar;D:\soft\Repository\com\fasterxml\jackson\datatype\jackson-datatype-jsr310\2.15.3\jackson-datatype-jsr310-2.15.3.jar;D:\soft\Repository\com\fasterxml\jackson\module\jackson-module-parameter-names\2.15.3\jackson-module-parameter-names-2.15.3.jar;D:\soft\Repository\org\springframework\boot\spring-boot-starter-tomcat\3.1.5\spring-boot-starter-tomcat-3.1.5.jar;D:\soft\Repository\org\apache\tomcat\embed\tomcat-embed-core\10.1.15\tomcat-embed-core-10.1.15.jar;D:\soft\Repository\org\apache\tomcat\embed\tomcat-embed-websocket\10.1.15\tomcat-embed-websocket-10.1.15.jar;D:\soft\Repository\org\springframework\spring-webmvc\6.0.13\spring-webmvc-6.0.13.jar;D:\soft\Repository\org\springframework\spring-expression\6.0.13\spring-expression-6.0.13.jar;D:\soft\Repository\com\mysql\mysql-connector-j\8.1.0\mysql-connector-j-8.1.0.jar;D:\soft\Repository\com\google\protobuf\protobuf-java\3.24.0\protobuf-java-3.24.0.jar;D:\soft\Repository\org\springframework\boot\spring-boot-starter-data-redis\3.1.5\spring-boot-starter-data-redis-3.1.5.jar;D:\soft\Repository\org\springframework\data\spring-data-redis\3.1.5\spring-data-redis-3.1.5.jar;D:\soft\Repository\org\springframework\data\spring-data-keyvalue\3.1.5\spring-data-keyvalue-3.1.5.jar;D:\soft\Repository\org\springframework\data\spring-data-commons\3.1.5\spring-data-commons-3.1.5.jar;D:\soft\Repository\org\springframework\spring-oxm\6.0.13\spring-oxm-6.0.13.jar;D:\soft\Repository\io\lettuce\lettuce-core\6.2.6.RELEASE\lettuce-core-6.2.6.RELEASE.jar;D:\soft\Repository\io\projectreactor\reactor-core\3.5.11\reactor-core-3.5.11.jar;D:\soft\Repository\org\reactivestreams\reactive-streams\1.0.4\reactive-streams-1.0.4.jar;D:\soft\Repository\org\springframework\boot\spring-boot-starter-actuator\3.1.5\spring-boot-starter-actuator-3.1.5.jar;D:\soft\Repository\org\springframework\boot\spring-boot-actuator-autoconfigure\3.1.5\spring-boot-actuator-autoconfigure-3.1.5.jar;D:\soft\Repository\org\springframework\boot\spring-boot-actuator\3.1.5\spring-boot-actuator-3.1.5.jar;D:\soft\Repository\io\micrometer\micrometer-observation\1.11.5\micrometer-observation-1.11.5.jar;D:\soft\Repository\io\micrometer\micrometer-registry-prometheus\1.11.0\micrometer-registry-prometheus-1.11.0.jar;D:\soft\Repository\io\prometheus\simpleclient_common\0.16.0\simpleclient_common-0.16.0.jar;D:\work\project\me\x-service\x-grpc-common\target\x-grpc-common-1.0.0.jar;D:\soft\Repository\javax\annotation\javax.annotation-api\1.3.2\javax.annotation-api-1.3.2.jar;D:\soft\Repository\org\springframework\spring-context\6.0.13\spring-context-6.0.13.jar;D:\soft\Repository\net\devh\grpc-client-spring-boot-starter\2.14.0.RELEASE\grpc-client-spring-boot-starter-2.14.0.RELEASE.jar;D:\soft\Repository\junit\junit\4.13.2\junit-4.13.2.jar;D:\soft\Repository\org\hamcrest\hamcrest-core\2.2\hamcrest-core-2.2.jar;D:\soft\Repository\org\hamcrest\hamcrest\2.2\hamcrest-2.2.jar;D:\soft\Repository\org\junit\jupiter\junit-jupiter\5.9.3\junit-jupiter-5.9.3.jar;D:\soft\Repository\org\junit\jupiter\junit-jupiter-api\5.9.3\junit-jupiter-api-5.9.3.jar;D:\soft\Repository\org\opentest4j\opentest4j\1.2.0\opentest4j-1.2.0.jar;D:\soft\Repository\org\junit\platform\junit-platform-commons\1.9.3\junit-platform-commons-1.9.3.jar;D:\soft\Repository\org\apiguardian\apiguardian-api\1.1.2\apiguardian-api-1.1.2.jar;D:\soft\Repository\org\junit\jupiter\junit-jupiter-params\5.9.3\junit-jupiter-params-5.9.3.jar;D:\soft\Repository\org\junit\jupiter\junit-jupiter-engine\5.9.3\junit-jupiter-engine-5.9.3.jar;D:\soft\Repository\org\junit\platform\junit-platform-engine\1.9.3\junit-platform-engine-1.9.3.jar;D:\soft\Repository\org\springframework\boot\spring-boot-test\3.1.5\spring-boot-test-3.1.5.jar;D:\soft\Repository\org\springframework\boot\spring-boot\3.1.5\spring-boot-3.1.5.jar;"/>
    <property name="java.vm.vendor" value="Oracle Corporation"/>
    <property name="sun.arch.data.model" value="64"/>
    <property name="user.variant" value=""/>
    <property name="java.vendor.url" value="https://java.oracle.com/"/>
    <property name="user.timezone" value="Asia/Shanghai"/>
    <property name="org.jboss.logging.provider" value="slf4j"/>
    <property name="os.name" value="Windows 10"/>
    <property name="java.vm.specification.version" value="17"/>
    <property name="sun.java.launcher" value="SUN_STANDARD"/>
    <property name="user.country" value="CN"/>
    <property name="sun.boot.library.path" value="D:\soft\jdk\jdk-17.0.4\bin"/>
    <property name="sun.java.command" value="C:\Users\whj\AppData\Local\Temp\surefire2483549556476757436\surefirebooter-20250725152305679_3.jar C:\Users\whj\AppData\Local\Temp\surefire2483549556476757436 2025-07-25T15-22-53_654-jvmRun1 surefire-20250725152305679_1tmp surefire_0-20250725152305679_2tmp"/>
    <property name="jdk.debug" value="release"/>
    <property name="surefire.test.class.path" value="D:\work\project\me\x-service\x-manage-service\target\test-classes;D:\work\project\me\x-service\x-manage-service\target\classes;D:\work\project\me\x-service\x-common\target\x-common-1.0.0.jar;D:\soft\Repository\org\springframework\spring-context-support\6.0.13\spring-context-support-6.0.13.jar;D:\soft\Repository\org\springframework\spring-beans\6.0.13\spring-beans-6.0.13.jar;D:\soft\Repository\org\springframework\spring-core\6.0.13\spring-core-6.0.13.jar;D:\soft\Repository\org\springframework\spring-jcl\6.0.13\spring-jcl-6.0.13.jar;D:\soft\Repository\org\springframework\spring-web\6.0.13\spring-web-6.0.13.jar;D:\soft\Repository\org\springframework\spring-test\6.0.13\spring-test-6.0.13.jar;D:\soft\Repository\org\springframework\boot\spring-boot-starter-security\3.1.5\spring-boot-starter-security-3.1.5.jar;D:\soft\Repository\org\springframework\spring-aop\6.0.13\spring-aop-6.0.13.jar;D:\soft\Repository\org\springframework\security\spring-security-config\6.1.5\spring-security-config-6.1.5.jar;D:\soft\Repository\org\springframework\security\spring-security-core\6.1.5\spring-security-core-6.1.5.jar;D:\soft\Repository\org\springframework\security\spring-security-crypto\6.1.5\spring-security-crypto-6.1.5.jar;D:\soft\Repository\org\springframework\security\spring-security-web\6.1.5\spring-security-web-6.1.5.jar;D:\soft\Repository\org\springframework\boot\spring-boot-starter-validation\3.1.5\spring-boot-starter-validation-3.1.5.jar;D:\soft\Repository\org\apache\tomcat\embed\tomcat-embed-el\10.1.15\tomcat-embed-el-10.1.15.jar;D:\soft\Repository\org\hibernate\validator\hibernate-validator\8.0.1.Final\hibernate-validator-8.0.1.Final.jar;D:\soft\Repository\jakarta\validation\jakarta.validation-api\3.0.2\jakarta.validation-api-3.0.2.jar;D:\soft\Repository\org\jboss\logging\jboss-logging\3.5.3.Final\jboss-logging-3.5.3.Final.jar;D:\soft\Repository\com\fasterxml\classmate\1.5.1\classmate-1.5.1.jar;D:\soft\Repository\org\apache\commons\commons-lang3\3.12.0\commons-lang3-3.12.0.jar;D:\soft\Repository\com\baomidou\dynamic-datasource-spring-boot-starter\3.5.1\dynamic-datasource-spring-boot-starter-3.5.1.jar;D:\soft\Repository\org\springframework\boot\spring-boot-starter-jdbc\3.1.5\spring-boot-starter-jdbc-3.1.5.jar;D:\soft\Repository\com\zaxxer\HikariCP\5.0.1\HikariCP-5.0.1.jar;D:\soft\Repository\org\springframework\spring-jdbc\6.0.13\spring-jdbc-6.0.13.jar;D:\soft\Repository\org\springframework\boot\spring-boot-starter-aop\3.1.5\spring-boot-starter-aop-3.1.5.jar;D:\soft\Repository\org\aspectj\aspectjweaver\1.9.20\aspectjweaver-1.9.20.jar;D:\soft\Repository\com\alibaba\fastjson2\fastjson2\2.0.43\fastjson2-2.0.43.jar;D:\soft\Repository\commons-io\commons-io\2.14.0\commons-io-2.14.0.jar;D:\soft\Repository\org\apache\poi\poi\5.2.5\poi-5.2.5.jar;D:\soft\Repository\commons-codec\commons-codec\1.15\commons-codec-1.15.jar;D:\soft\Repository\org\apache\commons\commons-collections4\4.4\commons-collections4-4.4.jar;D:\soft\Repository\org\apache\commons\commons-math3\3.6.1\commons-math3-3.6.1.jar;D:\soft\Repository\com\zaxxer\SparseBitSet\1.3\SparseBitSet-1.3.jar;D:\soft\Repository\org\apache\logging\log4j\log4j-api\2.20.0\log4j-api-2.20.0.jar;D:\soft\Repository\com\alibaba\easyexcel\4.0.1\easyexcel-4.0.1.jar;D:\soft\Repository\com\alibaba\easyexcel-core\4.0.1\easyexcel-core-4.0.1.jar;D:\soft\Repository\com\alibaba\easyexcel-support\3.3.4\easyexcel-support-3.3.4.jar;D:\soft\Repository\org\apache\poi\poi-ooxml\5.2.5\poi-ooxml-5.2.5.jar;D:\soft\Repository\org\apache\poi\poi-ooxml-lite\5.2.5\poi-ooxml-lite-5.2.5.jar;D:\soft\Repository\org\apache\xmlbeans\xmlbeans\5.2.0\xmlbeans-5.2.0.jar;D:\soft\Repository\com\github\virtuald\curvesapi\1.08\curvesapi-1.08.jar;D:\soft\Repository\org\apache\commons\commons-csv\1.11.0\commons-csv-1.11.0.jar;D:\soft\Repository\org\ehcache\ehcache\3.10.8\ehcache-3.10.8.jar;D:\soft\Repository\javax\cache\cache-api\1.1.1\cache-api-1.1.1.jar;D:\soft\Repository\org\slf4j\slf4j-api\2.0.9\slf4j-api-2.0.9.jar;D:\soft\Repository\org\yaml\snakeyaml\1.33\snakeyaml-1.33.jar;D:\soft\Repository\io\jsonwebtoken\jjwt\0.9.1\jjwt-0.9.1.jar;D:\soft\Repository\com\fasterxml\jackson\core\jackson-databind\2.15.3\jackson-databind-2.15.3.jar;D:\soft\Repository\org\apache\commons\commons-pool2\2.11.1\commons-pool2-2.11.1.jar;D:\soft\Repository\eu\bitwalker\UserAgentUtils\1.21\UserAgentUtils-1.21.jar;D:\soft\Repository\jakarta\servlet\jakarta.servlet-api\6.0.0\jakarta.servlet-api-6.0.0.jar;D:\soft\Repository\cn\hutool\hutool-all\5.8.26\hutool-all-5.8.26.jar;D:\soft\Repository\org\springdoc\springdoc-openapi-starter-webmvc-ui\2.3.0\springdoc-openapi-starter-webmvc-ui-2.3.0.jar;D:\soft\Repository\org\springdoc\springdoc-openapi-starter-webmvc-api\2.3.0\springdoc-openapi-starter-webmvc-api-2.3.0.jar;D:\soft\Repository\org\springdoc\springdoc-openapi-starter-common\2.3.0\springdoc-openapi-starter-common-2.3.0.jar;D:\soft\Repository\io\swagger\core\v3\swagger-core-jakarta\2.2.19\swagger-core-jakarta-2.2.19.jar;D:\soft\Repository\io\swagger\core\v3\swagger-annotations-jakarta\2.2.19\swagger-annotations-jakarta-2.2.19.jar;D:\soft\Repository\io\swagger\core\v3\swagger-models-jakarta\2.2.19\swagger-models-jakarta-2.2.19.jar;D:\soft\Repository\org\webjars\swagger-ui\5.10.3\swagger-ui-5.10.3.jar;D:\soft\Repository\joda-time\joda-time\2.10.14\joda-time-2.10.14.jar;D:\soft\Repository\org\apache\iotdb\service-rpc\0.13.3\service-rpc-0.13.3.jar;D:\soft\Repository\org\apache\iotdb\tsfile\0.13.3\tsfile-0.13.3.jar;D:\soft\Repository\org\apache\iotdb\iotdb-thrift\0.13.3\iotdb-thrift-0.13.3.jar;D:\soft\Repository\org\apache\thrift\libthrift\0.14.1\libthrift-0.14.1.jar;D:\soft\Repository\org\apache\iotdb\influxdb-thrift\0.13.3\influxdb-thrift-0.13.3.jar;D:\soft\Repository\org\xerial\snappy\snappy-java\1.1.8.4\snappy-java-1.1.8.4.jar;D:\soft\Repository\ch\qos\logback\logback-classic\1.4.11\logback-classic-1.4.11.jar;D:\soft\Repository\ch\qos\logback\logback-core\1.4.11\logback-core-1.4.11.jar;D:\soft\Repository\javax\xml\bind\jaxb-api\2.3.1\jaxb-api-2.3.1.jar;D:\soft\Repository\javax\activation\javax.activation-api\1.2.0\javax.activation-api-1.2.0.jar;D:\soft\Repository\org\glassfish\jaxb\jaxb-runtime\4.0.3\jaxb-runtime-4.0.3.jar;D:\soft\Repository\org\glassfish\jaxb\jaxb-core\4.0.3\jaxb-core-4.0.3.jar;D:\soft\Repository\jakarta\xml\bind\jakarta.xml.bind-api\4.0.1\jakarta.xml.bind-api-4.0.1.jar;D:\soft\Repository\org\eclipse\angus\angus-activation\2.0.1\angus-activation-2.0.1.jar;D:\soft\Repository\org\glassfish\jaxb\txw2\4.0.3\txw2-4.0.3.jar;D:\soft\Repository\com\sun\istack\istack-commons-runtime\4.1.2\istack-commons-runtime-4.1.2.jar;D:\soft\Repository\org\apache\iotdb\iotdb-session\0.13.3\iotdb-session-0.13.3.jar;D:\soft\Repository\org\mongodb\mongodb-driver-sync\4.8.0\mongodb-driver-sync-4.8.0.jar;D:\soft\Repository\org\mongodb\bson\4.9.1\bson-4.9.1.jar;D:\soft\Repository\org\mongodb\mongodb-driver-core\4.9.1\mongodb-driver-core-4.9.1.jar;D:\soft\Repository\org\mongodb\bson-record-codec\4.9.1\bson-record-codec-4.9.1.jar;D:\soft\Repository\org\apache\kafka\kafka-clients\3.3.1\kafka-clients-3.3.1.jar;D:\soft\Repository\com\github\luben\zstd-jni\1.5.2-1\zstd-jni-1.5.2-1.jar;D:\soft\Repository\org\lz4\lz4-java\1.8.0\lz4-java-1.8.0.jar;D:\soft\Repository\com\rabbitmq\amqp-client\5.16.0\amqp-client-5.16.0.jar;D:\soft\Repository\io\minio\minio\8.5.1\minio-8.5.1.jar;D:\soft\Repository\com\carrotsearch\thirdparty\simple-xml-safe\2.7.1\simple-xml-safe-2.7.1.jar;D:\soft\Repository\com\google\guava\guava\30.1.1-jre\guava-30.1.1-jre.jar;D:\soft\Repository\com\google\guava\failureaccess\1.0.1\failureaccess-1.0.1.jar;D:\soft\Repository\com\google\guava\listenablefuture\9999.0-empty-to-avoid-conflict-with-guava\listenablefuture-9999.0-empty-to-avoid-conflict-with-guava.jar;D:\soft\Repository\org\checkerframework\checker-qual\3.8.0\checker-qual-3.8.0.jar;D:\soft\Repository\com\google\j2objc\j2objc-annotations\1.3\j2objc-annotations-1.3.jar;D:\soft\Repository\com\squareup\okhttp3\okhttp\4.10.0\okhttp-4.10.0.jar;D:\soft\Repository\com\squareup\okio\okio-jvm\3.0.0\okio-jvm-3.0.0.jar;D:\soft\Repository\org\jetbrains\kotlin\kotlin-stdlib-jdk8\1.8.22\kotlin-stdlib-jdk8-1.8.22.jar;D:\soft\Repository\org\jetbrains\kotlin\kotlin-stdlib-jdk7\1.8.22\kotlin-stdlib-jdk7-1.8.22.jar;D:\soft\Repository\org\jetbrains\kotlin\kotlin-stdlib-common\1.8.22\kotlin-stdlib-common-1.8.22.jar;D:\soft\Repository\org\jetbrains\kotlin\kotlin-stdlib\1.8.22\kotlin-stdlib-1.8.22.jar;D:\soft\Repository\org\jetbrains\annotations\13.0\annotations-13.0.jar;D:\soft\Repository\com\fasterxml\jackson\core\jackson-annotations\2.15.3\jackson-annotations-2.15.3.jar;D:\soft\Repository\com\fasterxml\jackson\core\jackson-core\2.15.3\jackson-core-2.15.3.jar;D:\soft\Repository\org\bouncycastle\bcprov-jdk15on\1.69\bcprov-jdk15on-1.69.jar;D:\soft\Repository\org\apache\commons\commons-compress\1.21\commons-compress-1.21.jar;D:\soft\Repository\io\netty\netty-all\4.1.90.Final\netty-all-4.1.90.Final.jar;D:\soft\Repository\io\netty\netty-buffer\4.1.100.Final\netty-buffer-4.1.100.Final.jar;D:\soft\Repository\io\netty\netty-codec\4.1.100.Final\netty-codec-4.1.100.Final.jar;D:\soft\Repository\io\netty\netty-codec-dns\4.1.100.Final\netty-codec-dns-4.1.100.Final.jar;D:\soft\Repository\io\netty\netty-codec-haproxy\4.1.100.Final\netty-codec-haproxy-4.1.100.Final.jar;D:\soft\Repository\io\netty\netty-codec-http\4.1.100.Final\netty-codec-http-4.1.100.Final.jar;D:\soft\Repository\io\netty\netty-codec-http2\4.1.100.Final\netty-codec-http2-4.1.100.Final.jar;D:\soft\Repository\io\netty\netty-codec-memcache\4.1.100.Final\netty-codec-memcache-4.1.100.Final.jar;D:\soft\Repository\io\netty\netty-codec-mqtt\4.1.100.Final\netty-codec-mqtt-4.1.100.Final.jar;D:\soft\Repository\io\netty\netty-codec-redis\4.1.100.Final\netty-codec-redis-4.1.100.Final.jar;D:\soft\Repository\io\netty\netty-codec-smtp\4.1.100.Final\netty-codec-smtp-4.1.100.Final.jar;D:\soft\Repository\io\netty\netty-codec-socks\4.1.100.Final\netty-codec-socks-4.1.100.Final.jar;D:\soft\Repository\io\netty\netty-codec-stomp\4.1.100.Final\netty-codec-stomp-4.1.100.Final.jar;D:\soft\Repository\io\netty\netty-codec-xml\4.1.100.Final\netty-codec-xml-4.1.100.Final.jar;D:\soft\Repository\io\netty\netty-common\4.1.100.Final\netty-common-4.1.100.Final.jar;D:\soft\Repository\io\netty\netty-handler\4.1.100.Final\netty-handler-4.1.100.Final.jar;D:\soft\Repository\io\netty\netty-transport-native-unix-common\4.1.100.Final\netty-transport-native-unix-common-4.1.100.Final.jar;D:\soft\Repository\io\netty\netty-handler-proxy\4.1.100.Final\netty-handler-proxy-4.1.100.Final.jar;D:\soft\Repository\io\netty\netty-handler-ssl-ocsp\4.1.100.Final\netty-handler-ssl-ocsp-4.1.100.Final.jar;D:\soft\Repository\io\netty\netty-resolver\4.1.100.Final\netty-resolver-4.1.100.Final.jar;D:\soft\Repository\io\netty\netty-resolver-dns\4.1.100.Final\netty-resolver-dns-4.1.100.Final.jar;D:\soft\Repository\io\netty\netty-transport\4.1.100.Final\netty-transport-4.1.100.Final.jar;D:\soft\Repository\io\netty\netty-transport-rxtx\4.1.100.Final\netty-transport-rxtx-4.1.100.Final.jar;D:\soft\Repository\io\netty\netty-transport-sctp\4.1.100.Final\netty-transport-sctp-4.1.100.Final.jar;D:\soft\Repository\io\netty\netty-transport-udt\4.1.100.Final\netty-transport-udt-4.1.100.Final.jar;D:\soft\Repository\io\netty\netty-transport-classes-epoll\4.1.100.Final\netty-transport-classes-epoll-4.1.100.Final.jar;D:\soft\Repository\io\netty\netty-transport-classes-kqueue\4.1.100.Final\netty-transport-classes-kqueue-4.1.100.Final.jar;D:\soft\Repository\io\netty\netty-resolver-dns-classes-macos\4.1.100.Final\netty-resolver-dns-classes-macos-4.1.100.Final.jar;D:\soft\Repository\io\netty\netty-transport-native-epoll\4.1.100.Final\netty-transport-native-epoll-4.1.100.Final-linux-x86_64.jar;D:\soft\Repository\io\netty\netty-transport-native-epoll\4.1.100.Final\netty-transport-native-epoll-4.1.100.Final-linux-aarch_64.jar;D:\soft\Repository\io\netty\netty-transport-native-kqueue\4.1.100.Final\netty-transport-native-kqueue-4.1.100.Final-osx-x86_64.jar;D:\soft\Repository\io\netty\netty-transport-native-kqueue\4.1.100.Final\netty-transport-native-kqueue-4.1.100.Final-osx-aarch_64.jar;D:\soft\Repository\io\netty\netty-resolver-dns-native-macos\4.1.100.Final\netty-resolver-dns-native-macos-4.1.100.Final-osx-x86_64.jar;D:\soft\Repository\io\netty\netty-resolver-dns-native-macos\4.1.100.Final\netty-resolver-dns-native-macos-4.1.100.Final-osx-aarch_64.jar;D:\soft\Repository\org\apache\hadoop\hadoop-client\3.3.4\hadoop-client-3.3.4.jar;D:\soft\Repository\org\apache\hadoop\hadoop-common\3.3.4\hadoop-common-3.3.4.jar;D:\soft\Repository\org\apache\hadoop\thirdparty\hadoop-shaded-protobuf_3_7\1.1.1\hadoop-shaded-protobuf_3_7-1.1.1.jar;D:\soft\Repository\org\apache\hadoop\thirdparty\hadoop-shaded-guava\1.1.1\hadoop-shaded-guava-1.1.1.jar;D:\soft\Repository\commons-cli\commons-cli\1.2\commons-cli-1.2.jar;D:\soft\Repository\org\apache\httpcomponents\httpclient\4.5.13\httpclient-4.5.13.jar;D:\soft\Repository\commons-net\commons-net\3.6\commons-net-3.6.jar;D:\soft\Repository\commons-collections\commons-collections\3.2.2\commons-collections-3.2.2.jar;D:\soft\Repository\jakarta\activation\jakarta.activation-api\2.1.2\jakarta.activation-api-2.1.2.jar;D:\soft\Repository\org\eclipse\jetty\jetty-servlet\11.0.17\jetty-servlet-11.0.17.jar;D:\soft\Repository\org\eclipse\jetty\jetty-security\11.0.17\jetty-security-11.0.17.jar;D:\soft\Repository\org\eclipse\jetty\jetty-webapp\11.0.17\jetty-webapp-11.0.17.jar;D:\soft\Repository\org\eclipse\jetty\jetty-xml\11.0.17\jetty-xml-11.0.17.jar;D:\soft\Repository\javax\servlet\jsp\jsp-api\2.1\jsp-api-2.1.jar;D:\soft\Repository\com\sun\jersey\jersey-servlet\1.19\jersey-servlet-1.19.jar;D:\soft\Repository\commons-logging\commons-logging\1.1.3\commons-logging-1.1.3.jar;D:\soft\Repository\ch\qos\reload4j\reload4j\1.2.22\reload4j-1.2.22.jar;D:\soft\Repository\commons-beanutils\commons-beanutils\1.9.4\commons-beanutils-1.9.4.jar;D:\soft\Repository\org\apache\commons\commons-configuration2\2.1.1\commons-configuration2-2.1.1.jar;D:\soft\Repository\org\apache\commons\commons-text\1.4\commons-text-1.4.jar;D:\soft\Repository\org\slf4j\slf4j-reload4j\2.0.9\slf4j-reload4j-2.0.9.jar;D:\soft\Repository\org\apache\avro\avro\1.7.7\avro-1.7.7.jar;D:\soft\Repository\org\codehaus\jackson\jackson-core-asl\1.9.13\jackson-core-asl-1.9.13.jar;D:\soft\Repository\org\codehaus\jackson\jackson-mapper-asl\1.9.13\jackson-mapper-asl-1.9.13.jar;D:\soft\Repository\com\thoughtworks\paranamer\paranamer\2.3\paranamer-2.3.jar;D:\soft\Repository\com\google\re2j\re2j\1.1\re2j-1.1.jar;D:\soft\Repository\org\apache\hadoop\hadoop-auth\3.3.4\hadoop-auth-3.3.4.jar;D:\soft\Repository\com\nimbusds\nimbus-jose-jwt\9.8.1\nimbus-jose-jwt-9.8.1.jar;D:\soft\Repository\com\github\stephenc\jcip\jcip-annotations\1.0-1\jcip-annotations-1.0-1.jar;D:\soft\Repository\net\minidev\json-smart\2.4.11\json-smart-2.4.11.jar;D:\soft\Repository\net\minidev\accessors-smart\2.4.11\accessors-smart-2.4.11.jar;D:\soft\Repository\org\ow2\asm\asm\9.3\asm-9.3.jar;D:\soft\Repository\org\apache\curator\curator-framework\5.1.0\curator-framework-5.1.0.jar;D:\soft\Repository\org\apache\kerby\kerb-simplekdc\1.0.1\kerb-simplekdc-1.0.1.jar;D:\soft\Repository\org\apache\kerby\kerb-client\1.0.1\kerb-client-1.0.1.jar;D:\soft\Repository\org\apache\kerby\kerby-config\1.0.1\kerby-config-1.0.1.jar;D:\soft\Repository\org\apache\kerby\kerb-common\1.0.1\kerb-common-1.0.1.jar;D:\soft\Repository\org\apache\kerby\kerb-crypto\1.0.1\kerb-crypto-1.0.1.jar;D:\soft\Repository\org\apache\kerby\kerb-util\1.0.1\kerb-util-1.0.1.jar;D:\soft\Repository\org\apache\kerby\token-provider\1.0.1\token-provider-1.0.1.jar;D:\soft\Repository\org\apache\kerby\kerb-admin\1.0.1\kerb-admin-1.0.1.jar;D:\soft\Repository\org\apache\kerby\kerb-server\1.0.1\kerb-server-1.0.1.jar;D:\soft\Repository\org\apache\kerby\kerb-identity\1.0.1\kerb-identity-1.0.1.jar;D:\soft\Repository\org\apache\kerby\kerby-xdr\1.0.1\kerby-xdr-1.0.1.jar;D:\soft\Repository\org\apache\curator\curator-client\4.2.0\curator-client-4.2.0.jar;D:\soft\Repository\org\apache\curator\curator-recipes\5.1.0\curator-recipes-5.1.0.jar;D:\soft\Repository\org\apache\kerby\kerb-core\1.0.1\kerb-core-1.0.1.jar;D:\soft\Repository\org\apache\kerby\kerby-pkix\1.0.1\kerby-pkix-1.0.1.jar;D:\soft\Repository\org\apache\kerby\kerby-asn1\1.0.1\kerby-asn1-1.0.1.jar;D:\soft\Repository\org\apache\kerby\kerby-util\1.0.1\kerby-util-1.0.1.jar;D:\soft\Repository\org\codehaus\woodstox\stax2-api\4.2.1\stax2-api-4.2.1.jar;D:\soft\Repository\com\fasterxml\woodstox\woodstox-core\5.3.0\woodstox-core-5.3.0.jar;D:\soft\Repository\dnsjava\dnsjava\2.1.7\dnsjava-2.1.7.jar;D:\soft\Repository\org\apache\hadoop\hadoop-hdfs-client\3.3.4\hadoop-hdfs-client-3.3.4.jar;D:\soft\Repository\org\apache\hadoop\hadoop-yarn-api\3.3.4\hadoop-yarn-api-3.3.4.jar;D:\soft\Repository\org\apache\hadoop\hadoop-yarn-client\3.3.4\hadoop-yarn-client-3.3.4.jar;D:\soft\Repository\org\eclipse\jetty\websocket\websocket-client\9.4.43.v20210629\websocket-client-9.4.43.v20210629.jar;D:\soft\Repository\org\eclipse\jetty\jetty-client\11.0.17\jetty-client-11.0.17.jar;D:\soft\Repository\org\eclipse\jetty\jetty-http\11.0.17\jetty-http-11.0.17.jar;D:\soft\Repository\org\eclipse\jetty\jetty-alpn-client\11.0.17\jetty-alpn-client-11.0.17.jar;D:\soft\Repository\org\eclipse\jetty\jetty-util\11.0.17\jetty-util-11.0.17.jar;D:\soft\Repository\org\eclipse\jetty\jetty-io\11.0.17\jetty-io-11.0.17.jar;D:\soft\Repository\org\eclipse\jetty\websocket\websocket-common\9.4.43.v20210629\websocket-common-9.4.43.v20210629.jar;D:\soft\Repository\org\eclipse\jetty\websocket\websocket-api\9.4.43.v20210629\websocket-api-9.4.43.v20210629.jar;D:\soft\Repository\org\jline\jline\3.9.0\jline-3.9.0.jar;D:\soft\Repository\org\apache\hadoop\hadoop-mapreduce-client-core\3.3.4\hadoop-mapreduce-client-core-3.3.4.jar;D:\soft\Repository\org\apache\hadoop\hadoop-yarn-common\3.3.4\hadoop-yarn-common-3.3.4.jar;D:\soft\Repository\javax\servlet\javax.servlet-api\3.1.0\javax.servlet-api-3.1.0.jar;D:\soft\Repository\com\sun\jersey\jersey-core\1.19\jersey-core-1.19.jar;D:\soft\Repository\javax\ws\rs\jsr311-api\1.1.1\jsr311-api-1.1.1.jar;D:\soft\Repository\com\sun\jersey\jersey-client\1.19\jersey-client-1.19.jar;D:\soft\Repository\com\fasterxml\jackson\module\jackson-module-jaxb-annotations\2.15.3\jackson-module-jaxb-annotations-2.15.3.jar;D:\soft\Repository\com\fasterxml\jackson\jaxrs\jackson-jaxrs-json-provider\2.15.3\jackson-jaxrs-json-provider-2.15.3.jar;D:\soft\Repository\com\fasterxml\jackson\jaxrs\jackson-jaxrs-base\2.15.3\jackson-jaxrs-base-2.15.3.jar;D:\soft\Repository\org\apache\hadoop\hadoop-mapreduce-client-jobclient\3.3.4\hadoop-mapreduce-client-jobclient-3.3.4.jar;D:\soft\Repository\org\apache\hadoop\hadoop-mapreduce-client-common\3.3.4\hadoop-mapreduce-client-common-3.3.4.jar;D:\soft\Repository\org\apache\hadoop\hadoop-annotations\3.3.4\hadoop-annotations-3.3.4.jar;D:\soft\Repository\org\apache\flink\flink-streaming-java\1.16.1\flink-streaming-java-1.16.1.jar;D:\soft\Repository\org\apache\flink\flink-core\1.16.1\flink-core-1.16.1.jar;D:\soft\Repository\org\apache\flink\flink-annotations\1.16.1\flink-annotations-1.16.1.jar;D:\soft\Repository\org\apache\flink\flink-metrics-core\1.16.1\flink-metrics-core-1.16.1.jar;D:\soft\Repository\org\apache\flink\flink-shaded-asm-9\9.2-15.0\flink-shaded-asm-9-9.2-15.0.jar;D:\soft\Repository\org\apache\flink\flink-shaded-jackson\2.12.4-15.0\flink-shaded-jackson-2.12.4-15.0.jar;D:\soft\Repository\com\esotericsoftware\kryo\kryo\2.24.0\kryo-2.24.0.jar;D:\soft\Repository\com\esotericsoftware\minlog\minlog\1.2\minlog-1.2.jar;D:\soft\Repository\org\objenesis\objenesis\2.1\objenesis-2.1.jar;D:\soft\Repository\org\apache\flink\flink-file-sink-common\1.16.1\flink-file-sink-common-1.16.1.jar;D:\soft\Repository\org\apache\flink\flink-runtime\1.16.1\flink-runtime-1.16.1.jar;D:\soft\Repository\org\apache\flink\flink-rpc-core\1.16.1\flink-rpc-core-1.16.1.jar;D:\soft\Repository\org\apache\flink\flink-rpc-akka-loader\1.16.1\flink-rpc-akka-loader-1.16.1.jar;D:\soft\Repository\org\apache\flink\flink-queryable-state-client-java\1.16.1\flink-queryable-state-client-java-1.16.1.jar;D:\soft\Repository\org\apache\flink\flink-hadoop-fs\1.16.1\flink-hadoop-fs-1.16.1.jar;D:\soft\Repository\org\apache\flink\flink-shaded-netty\4.1.70.Final-15.0\flink-shaded-netty-4.1.70.Final-15.0.jar;D:\soft\Repository\org\apache\flink\flink-shaded-zookeeper-3\3.5.9-15.0\flink-shaded-zookeeper-3-3.5.9-15.0.jar;D:\soft\Repository\org\javassist\javassist\3.24.0-GA\javassist-3.24.0-GA.jar;D:\soft\Repository\org\apache\flink\flink-java\1.16.1\flink-java-1.16.1.jar;D:\soft\Repository\com\twitter\chill-java\0.7.6\chill-java-0.7.6.jar;D:\soft\Repository\org\apache\flink\flink-shaded-guava\30.1.1-jre-15.0\flink-shaded-guava-30.1.1-jre-15.0.jar;D:\soft\Repository\com\google\code\findbugs\jsr305\1.3.9\jsr305-1.3.9.jar;D:\soft\Repository\org\apache\flink\flink-shaded-force-shading\15.0\flink-shaded-force-shading-15.0.jar;D:\soft\Repository\com\alibaba\boot\nacos-config-spring-boot-starter\0.3.0-RC\nacos-config-spring-boot-starter-0.3.0-RC.jar;D:\soft\Repository\com\alibaba\nacos\nacos-spring-context\2.1.0-RC\nacos-spring-context-2.1.0-RC.jar;D:\soft\Repository\com\alibaba\spring\spring-context-support\1.0.11\spring-context-support-1.0.11.jar;D:\soft\Repository\com\alibaba\boot\nacos-config-spring-boot-autoconfigure\0.3.0-RC\nacos-config-spring-boot-autoconfigure-0.3.0-RC.jar;D:\soft\Repository\com\alibaba\boot\nacos-spring-boot-base\0.3.0-RC\nacos-spring-boot-base-0.3.0-RC.jar;D:\soft\Repository\com\alibaba\boot\nacos-spring-boot-aot\0.3.0-RC\nacos-spring-boot-aot-0.3.0-RC.jar;D:\soft\Repository\io\grpc\grpc-protobuf\1.58.0\grpc-protobuf-1.58.0.jar;D:\soft\Repository\io\grpc\grpc-api\1.58.0\grpc-api-1.58.0.jar;D:\soft\Repository\com\google\api\grpc\proto-google-common-protos\2.22.0\proto-google-common-protos-2.22.0.jar;D:\soft\Repository\io\grpc\grpc-protobuf-lite\1.58.0\grpc-protobuf-lite-1.58.0.jar;D:\soft\Repository\io\grpc\grpc-stub\1.58.0\grpc-stub-1.58.0.jar;D:\soft\Repository\com\google\errorprone\error_prone_annotations\2.20.0\error_prone_annotations-2.20.0.jar;D:\soft\Repository\io\grpc\grpc-netty-shaded\1.58.0\grpc-netty-shaded-1.58.0.jar;D:\soft\Repository\io\perfmark\perfmark-api\0.26.0\perfmark-api-0.26.0.jar;D:\soft\Repository\io\grpc\grpc-core\1.58.0\grpc-core-1.58.0.jar;D:\soft\Repository\com\google\android\annotations\4.1.1.4\annotations-4.1.1.4.jar;D:\soft\Repository\org\codehaus\mojo\animal-sniffer-annotations\1.23\animal-sniffer-annotations-1.23.jar;D:\soft\Repository\io\grpc\grpc-context\1.58.0\grpc-context-1.58.0.jar;D:\soft\Repository\io\grpc\grpc-util\1.58.0\grpc-util-1.58.0.jar;D:\soft\Repository\com\xuxueli\xxl-job-core\2.3.1\xxl-job-core-2.3.1.jar;D:\soft\Repository\com\google\code\gson\gson\2.10.1\gson-2.10.1.jar;D:\soft\Repository\org\codehaus\groovy\groovy\3.0.10\groovy-3.0.10.jar;D:\soft\Repository\io\micrometer\micrometer-core\1.11.0\micrometer-core-1.11.0.jar;D:\soft\Repository\io\micrometer\micrometer-commons\1.11.5\micrometer-commons-1.11.5.jar;D:\soft\Repository\org\hdrhistogram\HdrHistogram\2.1.12\HdrHistogram-2.1.12.jar;D:\soft\Repository\org\latencyutils\LatencyUtils\2.0.3\LatencyUtils-2.0.3.jar;D:\soft\Repository\org\elasticsearch\client\elasticsearch-rest-high-level-client\7.17.10\elasticsearch-rest-high-level-client-7.17.10.jar;D:\soft\Repository\org\elasticsearch\elasticsearch\7.17.10\elasticsearch-7.17.10.jar;D:\soft\Repository\org\elasticsearch\elasticsearch-core\7.17.10\elasticsearch-core-7.17.10.jar;D:\soft\Repository\org\elasticsearch\elasticsearch-secure-sm\7.17.10\elasticsearch-secure-sm-7.17.10.jar;D:\soft\Repository\org\elasticsearch\elasticsearch-x-content\7.17.10\elasticsearch-x-content-7.17.10.jar;D:\soft\Repository\com\fasterxml\jackson\dataformat\jackson-dataformat-smile\2.15.3\jackson-dataformat-smile-2.15.3.jar;D:\soft\Repository\com\fasterxml\jackson\dataformat\jackson-dataformat-yaml\2.15.3\jackson-dataformat-yaml-2.15.3.jar;D:\soft\Repository\com\fasterxml\jackson\dataformat\jackson-dataformat-cbor\2.15.3\jackson-dataformat-cbor-2.15.3.jar;D:\soft\Repository\org\elasticsearch\elasticsearch-geo\7.17.10\elasticsearch-geo-7.17.10.jar;D:\soft\Repository\org\elasticsearch\elasticsearch-lz4\7.17.10\elasticsearch-lz4-7.17.10.jar;D:\soft\Repository\org\apache\lucene\lucene-core\8.11.1\lucene-core-8.11.1.jar;D:\soft\Repository\org\apache\lucene\lucene-analyzers-common\8.11.1\lucene-analyzers-common-8.11.1.jar;D:\soft\Repository\org\apache\lucene\lucene-backward-codecs\8.11.1\lucene-backward-codecs-8.11.1.jar;D:\soft\Repository\org\apache\lucene\lucene-grouping\8.11.1\lucene-grouping-8.11.1.jar;D:\soft\Repository\org\apache\lucene\lucene-highlighter\8.11.1\lucene-highlighter-8.11.1.jar;D:\soft\Repository\org\apache\lucene\lucene-join\8.11.1\lucene-join-8.11.1.jar;D:\soft\Repository\org\apache\lucene\lucene-memory\8.11.1\lucene-memory-8.11.1.jar;D:\soft\Repository\org\apache\lucene\lucene-misc\8.11.1\lucene-misc-8.11.1.jar;D:\soft\Repository\org\apache\lucene\lucene-queries\8.11.1\lucene-queries-8.11.1.jar;D:\soft\Repository\org\apache\lucene\lucene-queryparser\8.11.1\lucene-queryparser-8.11.1.jar;D:\soft\Repository\org\apache\lucene\lucene-sandbox\8.11.1\lucene-sandbox-8.11.1.jar;D:\soft\Repository\org\apache\lucene\lucene-spatial3d\8.11.1\lucene-spatial3d-8.11.1.jar;D:\soft\Repository\org\apache\lucene\lucene-suggest\8.11.1\lucene-suggest-8.11.1.jar;D:\soft\Repository\org\elasticsearch\elasticsearch-cli\7.17.10\elasticsearch-cli-7.17.10.jar;D:\soft\Repository\net\sf\jopt-simple\jopt-simple\5.0.2\jopt-simple-5.0.2.jar;D:\soft\Repository\com\carrotsearch\hppc\0.8.1\hppc-0.8.1.jar;D:\soft\Repository\com\tdunning\t-digest\3.2\t-digest-3.2.jar;D:\soft\Repository\net\java\dev\jna\jna\5.10.0\jna-5.10.0.jar;D:\soft\Repository\org\elasticsearch\elasticsearch-plugin-classloader\7.17.10\elasticsearch-plugin-classloader-7.17.10.jar;D:\soft\Repository\org\elasticsearch\client\elasticsearch-rest-client\8.7.1\elasticsearch-rest-client-8.7.1.jar;D:\soft\Repository\org\apache\httpcomponents\httpcore\4.4.16\httpcore-4.4.16.jar;D:\soft\Repository\org\apache\httpcomponents\httpcore-nio\4.4.16\httpcore-nio-4.4.16.jar;D:\soft\Repository\org\elasticsearch\plugin\mapper-extras-client\7.17.10\mapper-extras-client-7.17.10.jar;D:\soft\Repository\org\elasticsearch\plugin\parent-join-client\7.17.10\parent-join-client-7.17.10.jar;D:\soft\Repository\org\elasticsearch\plugin\aggs-matrix-stats-client\7.17.10\aggs-matrix-stats-client-7.17.10.jar;D:\soft\Repository\org\elasticsearch\plugin\rank-eval-client\7.17.10\rank-eval-client-7.17.10.jar;D:\soft\Repository\org\elasticsearch\plugin\lang-mustache-client\7.17.10\lang-mustache-client-7.17.10.jar;D:\soft\Repository\com\github\spullara\mustache\java\compiler\0.9.6\compiler-0.9.6.jar;D:\soft\Repository\net\devh\grpc-client-spring-boot-autoconfigure\2.14.0.RELEASE\grpc-client-spring-boot-autoconfigure-2.14.0.RELEASE.jar;D:\soft\Repository\net\devh\grpc-common-spring-boot\2.14.0.RELEASE\grpc-common-spring-boot-2.14.0.RELEASE.jar;D:\soft\Repository\org\springframework\kafka\spring-kafka\3.0.12\spring-kafka-3.0.12.jar;D:\soft\Repository\org\springframework\spring-messaging\6.0.13\spring-messaging-6.0.13.jar;D:\soft\Repository\org\springframework\spring-tx\6.0.13\spring-tx-6.0.13.jar;D:\soft\Repository\org\springframework\retry\spring-retry\2.0.4\spring-retry-2.0.4.jar;D:\soft\Repository\com\alibaba\nacos\nacos-client\2.1.0\nacos-client-2.1.0.jar;D:\soft\Repository\com\alibaba\nacos\nacos-auth-plugin\2.1.0\nacos-auth-plugin-2.1.0.jar;D:\soft\Repository\com\alibaba\nacos\nacos-encryption-plugin\2.1.0\nacos-encryption-plugin-2.1.0.jar;D:\soft\Repository\org\apache\httpcomponents\httpasyncclient\4.1.5\httpasyncclient-4.1.5.jar;D:\soft\Repository\io\prometheus\simpleclient\0.16.0\simpleclient-0.16.0.jar;D:\soft\Repository\io\prometheus\simpleclient_tracer_otel\0.16.0\simpleclient_tracer_otel-0.16.0.jar;D:\soft\Repository\io\prometheus\simpleclient_tracer_common\0.16.0\simpleclient_tracer_common-0.16.0.jar;D:\soft\Repository\io\prometheus\simpleclient_tracer_otel_agent\0.16.0\simpleclient_tracer_otel_agent-0.16.0.jar;D:\soft\Repository\org\springframework\amqp\spring-rabbit\3.0.10\spring-rabbit-3.0.10.jar;D:\soft\Repository\org\springframework\amqp\spring-amqp\3.0.10\spring-amqp-3.0.10.jar;D:\soft\Repository\org\springframework\boot\spring-boot-starter-web\3.1.5\spring-boot-starter-web-3.1.5.jar;D:\soft\Repository\org\springframework\boot\spring-boot-starter\3.1.5\spring-boot-starter-3.1.5.jar;D:\soft\Repository\org\springframework\boot\spring-boot-autoconfigure\3.1.5\spring-boot-autoconfigure-3.1.5.jar;D:\soft\Repository\org\springframework\boot\spring-boot-starter-logging\3.1.5\spring-boot-starter-logging-3.1.5.jar;D:\soft\Repository\org\apache\logging\log4j\log4j-to-slf4j\2.20.0\log4j-to-slf4j-2.20.0.jar;D:\soft\Repository\org\slf4j\jul-to-slf4j\2.0.9\jul-to-slf4j-2.0.9.jar;D:\soft\Repository\jakarta\annotation\jakarta.annotation-api\2.1.1\jakarta.annotation-api-2.1.1.jar;D:\soft\Repository\org\springframework\boot\spring-boot-starter-json\3.1.5\spring-boot-starter-json-3.1.5.jar;D:\soft\Repository\com\fasterxml\jackson\datatype\jackson-datatype-jdk8\2.15.3\jackson-datatype-jdk8-2.15.3.jar;D:\soft\Repository\com\fasterxml\jackson\datatype\jackson-datatype-jsr310\2.15.3\jackson-datatype-jsr310-2.15.3.jar;D:\soft\Repository\com\fasterxml\jackson\module\jackson-module-parameter-names\2.15.3\jackson-module-parameter-names-2.15.3.jar;D:\soft\Repository\org\springframework\boot\spring-boot-starter-tomcat\3.1.5\spring-boot-starter-tomcat-3.1.5.jar;D:\soft\Repository\org\apache\tomcat\embed\tomcat-embed-core\10.1.15\tomcat-embed-core-10.1.15.jar;D:\soft\Repository\org\apache\tomcat\embed\tomcat-embed-websocket\10.1.15\tomcat-embed-websocket-10.1.15.jar;D:\soft\Repository\org\springframework\spring-webmvc\6.0.13\spring-webmvc-6.0.13.jar;D:\soft\Repository\org\springframework\spring-expression\6.0.13\spring-expression-6.0.13.jar;D:\soft\Repository\com\mysql\mysql-connector-j\8.1.0\mysql-connector-j-8.1.0.jar;D:\soft\Repository\com\google\protobuf\protobuf-java\3.24.0\protobuf-java-3.24.0.jar;D:\soft\Repository\org\springframework\boot\spring-boot-starter-data-redis\3.1.5\spring-boot-starter-data-redis-3.1.5.jar;D:\soft\Repository\org\springframework\data\spring-data-redis\3.1.5\spring-data-redis-3.1.5.jar;D:\soft\Repository\org\springframework\data\spring-data-keyvalue\3.1.5\spring-data-keyvalue-3.1.5.jar;D:\soft\Repository\org\springframework\data\spring-data-commons\3.1.5\spring-data-commons-3.1.5.jar;D:\soft\Repository\org\springframework\spring-oxm\6.0.13\spring-oxm-6.0.13.jar;D:\soft\Repository\io\lettuce\lettuce-core\6.2.6.RELEASE\lettuce-core-6.2.6.RELEASE.jar;D:\soft\Repository\io\projectreactor\reactor-core\3.5.11\reactor-core-3.5.11.jar;D:\soft\Repository\org\reactivestreams\reactive-streams\1.0.4\reactive-streams-1.0.4.jar;D:\soft\Repository\org\springframework\boot\spring-boot-starter-actuator\3.1.5\spring-boot-starter-actuator-3.1.5.jar;D:\soft\Repository\org\springframework\boot\spring-boot-actuator-autoconfigure\3.1.5\spring-boot-actuator-autoconfigure-3.1.5.jar;D:\soft\Repository\org\springframework\boot\spring-boot-actuator\3.1.5\spring-boot-actuator-3.1.5.jar;D:\soft\Repository\io\micrometer\micrometer-observation\1.11.5\micrometer-observation-1.11.5.jar;D:\soft\Repository\io\micrometer\micrometer-registry-prometheus\1.11.0\micrometer-registry-prometheus-1.11.0.jar;D:\soft\Repository\io\prometheus\simpleclient_common\0.16.0\simpleclient_common-0.16.0.jar;D:\work\project\me\x-service\x-grpc-common\target\x-grpc-common-1.0.0.jar;D:\soft\Repository\javax\annotation\javax.annotation-api\1.3.2\javax.annotation-api-1.3.2.jar;D:\soft\Repository\org\springframework\spring-context\6.0.13\spring-context-6.0.13.jar;D:\soft\Repository\net\devh\grpc-client-spring-boot-starter\2.14.0.RELEASE\grpc-client-spring-boot-starter-2.14.0.RELEASE.jar;D:\soft\Repository\junit\junit\4.13.2\junit-4.13.2.jar;D:\soft\Repository\org\hamcrest\hamcrest-core\2.2\hamcrest-core-2.2.jar;D:\soft\Repository\org\hamcrest\hamcrest\2.2\hamcrest-2.2.jar;D:\soft\Repository\org\junit\jupiter\junit-jupiter\5.9.3\junit-jupiter-5.9.3.jar;D:\soft\Repository\org\junit\jupiter\junit-jupiter-api\5.9.3\junit-jupiter-api-5.9.3.jar;D:\soft\Repository\org\opentest4j\opentest4j\1.2.0\opentest4j-1.2.0.jar;D:\soft\Repository\org\junit\platform\junit-platform-commons\1.9.3\junit-platform-commons-1.9.3.jar;D:\soft\Repository\org\apiguardian\apiguardian-api\1.1.2\apiguardian-api-1.1.2.jar;D:\soft\Repository\org\junit\jupiter\junit-jupiter-params\5.9.3\junit-jupiter-params-5.9.3.jar;D:\soft\Repository\org\junit\jupiter\junit-jupiter-engine\5.9.3\junit-jupiter-engine-5.9.3.jar;D:\soft\Repository\org\junit\platform\junit-platform-engine\1.9.3\junit-platform-engine-1.9.3.jar;D:\soft\Repository\org\springframework\boot\spring-boot-test\3.1.5\spring-boot-test-3.1.5.jar;D:\soft\Repository\org\springframework\boot\spring-boot\3.1.5\spring-boot-3.1.5.jar;"/>
    <property name="sun.cpu.endian" value="little"/>
    <property name="user.home" value="C:\Users\whj"/>
    <property name="user.language" value="zh"/>
    <property name="java.specification.vendor" value="Oracle Corporation"/>
    <property name="java.version.date" value="2022-07-19"/>
    <property name="java.home" value="D:\soft\jdk\jdk-17.0.4"/>
    <property name="file.separator" value="\"/>
    <property name="basedir" value="D:\work\project\me\x-service\x-manage-service"/>
    <property name="java.vm.compressedOopsMode" value="Zero based"/>
    <property name="line.separator" value="&#10;"/>
    <property name="java.vm.specification.vendor" value="Oracle Corporation"/>
    <property name="java.specification.name" value="Java Platform API Specification"/>
    <property name="FILE_LOG_CHARSET" value="GBK"/>
    <property name="java.awt.headless" value="true"/>
    <property name="surefire.real.class.path" value="C:\Users\whj\AppData\Local\Temp\surefire2483549556476757436\surefirebooter-20250725152305679_3.jar"/>
    <property name="user.script" value=""/>
    <property name="JM.LOG.PATH" value="C:\Users\whj\logs"/>
    <property name="sun.management.compiler" value="HotSpot 64-Bit Tiered Compilers"/>
    <property name="java.runtime.version" value="17.0.4+11-LTS-179"/>
    <property name="user.name" value="whj"/>
    <property name="path.separator" value=";"/>
    <property name="os.version" value="10.0"/>
    <property name="java.runtime.name" value="Java(TM) SE Runtime Environment"/>
    <property name="file.encoding" value="GBK"/>
    <property name="java.vm.name" value="Java HotSpot(TM) 64-Bit Server VM"/>
    <property name="localRepository" value="D:\soft\Repository"/>
    <property name="java.vendor.url.bug" value="https://bugreport.java.com/bugreport/"/>
    <property name="java.io.tmpdir" value="C:\Users\whj\AppData\Local\Temp\"/>
    <property name="idea.version" value="2024.3.4.1"/>
    <property name="java.version" value="17.0.4"/>
    <property name="user.dir" value="D:\work\project\me\x-service\x-manage-service"/>
    <property name="os.arch" value="amd64"/>
    <property name="java.vm.specification.name" value="Java Virtual Machine Specification"/>
    <property name="PID" value="26508"/>
    <property name="sun.os.patch.level" value=""/>
    <property name="CONSOLE_LOG_CHARSET" value="GBK"/>
    <property name="native.encoding" value="GBK"/>
    <property name="java.library.path" value="D:\soft\jdk\jdk-17.0.4\bin;C:\Windows\Sun\Java\bin;C:\Windows\system32;C:\Windows;D:\soft\VMware\VMware Workstation\bin\;C:\Program Files (x86)\Intel\iCLS Client\;C:\Program Files\Intel\iCLS Client\;C:\Windows\system32;C:\Windows;C:\Windows\System32\Wbem;C:\Windows\System32\WindowsPowerShell\v1.0\;C:\Program Files (x86)\NVIDIA Corporation\PhysX\Common;C:\Program Files (x86)\Intel\Intel(R) Management Engine Components\DAL;C:\Program Files\Intel\Intel(R) Management Engine Components\DAL;C:\Program Files (x86)\Intel\Intel(R) Management Engine Components\IPT;C:\Program Files\Intel\Intel(R) Management Engine Components\IPT;C:\Windows\system32;C:\Windows;C:\Windows\System32\Wbem;C:\Windows\System32\WindowsPowerShell\v1.0\;C:\Windows\System32\OpenSSH\;C:\Program Files\dotnet\;D:\soft\Git\cmd;D:\soft\jdk\jdk1.8.0_40\bin;D:\soft\Xftp 8\;D:\soft\node\nvm;D:\soft\node\nodejs;;C:\Program Files\NVIDIA Corporation\NVIDIA App\NvDLISR;C:\Users\whj\AppData\Local\Microsoft\WindowsApps;D:\soft\cursor\resources\app\bin;D:\soft\node\nvm;D:\soft\node\nodejs;C:\Users\whj\.dotnet\tools;."/>
    <property name="java.vm.info" value="mixed mode, sharing"/>
    <property name="java.vendor" value="Oracle Corporation"/>
    <property name="java.vm.version" value="17.0.4+11-LTS-179"/>
    <property name="sun.io.unicode.encoding" value="UnicodeLittle"/>
    <property name="maven.repo.local" value="D:\soft\Repository"/>
    <property name="java.class.version" value="61.0"/>
  </properties>
  <testcase name="testGetDeviceList" classname="com.x.manage.service.controller.DeviceControllerTest" time="0.015">
    <error message="Failed to load ApplicationContext for [WebMergedContextConfiguration@4417755b testClass = com.x.manage.service.controller.DeviceControllerTest, locations = [], classes = [com.x.manage.service.ManageServiceApplication], contextInitializerClasses = [], activeProfiles = [], propertySourceLocations = [], propertySourceProperties = [&quot;org.springframework.boot.test.context.SpringBootTestContextBootstrapper=true&quot;], contextCustomizers = [org.springframework.boot.test.context.filter.ExcludeFilterContextCustomizer@7fbdb894, org.springframework.boot.test.json.DuplicateJsonObjectContextCustomizerFactory$DuplicateJsonObjectContextCustomizer@436c81a3, org.springframework.boot.test.mock.mockito.MockitoContextCustomizer@0, org.springframework.boot.test.web.client.TestRestTemplateContextCustomizer@3af0a9da, org.springframework.boot.test.context.SpringBootTestAnnotation@3b88f492], resourceBasePath = &quot;src/main/webapp&quot;, contextLoader = org.springframework.boot.test.context.SpringBootContextLoader, parent = null]" type="java.lang.IllegalStateException"><![CDATA[java.lang.IllegalStateException: Failed to load ApplicationContext for [WebMergedContextConfiguration@4417755b testClass = com.x.manage.service.controller.DeviceControllerTest, locations = [], classes = [com.x.manage.service.ManageServiceApplication], contextInitializerClasses = [], activeProfiles = [], propertySourceLocations = [], propertySourceProperties = ["org.springframework.boot.test.context.SpringBootTestContextBootstrapper=true"], contextCustomizers = [org.springframework.boot.test.context.filter.ExcludeFilterContextCustomizer@7fbdb894, org.springframework.boot.test.json.DuplicateJsonObjectContextCustomizerFactory$DuplicateJsonObjectContextCustomizer@436c81a3, org.springframework.boot.test.mock.mockito.MockitoContextCustomizer@0, org.springframework.boot.test.web.client.TestRestTemplateContextCustomizer@3af0a9da, org.springframework.boot.test.context.SpringBootTestAnnotation@3b88f492], resourceBasePath = "src/main/webapp", contextLoader = org.springframework.boot.test.context.SpringBootContextLoader, parent = null]
	at org.springframework.test.context.cache.DefaultCacheAwareContextLoaderDelegate.loadContext(DefaultCacheAwareContextLoaderDelegate.java:143)
	at org.springframework.test.context.support.DefaultTestContext.getApplicationContext(DefaultTestContext.java:127)
	at org.springframework.test.context.web.ServletTestExecutionListener.setUpRequestContextIfNecessary(ServletTestExecutionListener.java:191)
	at org.springframework.test.context.web.ServletTestExecutionListener.prepareTestInstance(ServletTestExecutionListener.java:130)
	at org.springframework.test.context.TestContextManager.prepareTestInstance(TestContextManager.java:241)
	at org.springframework.test.context.junit.jupiter.SpringExtension.postProcessTestInstance(SpringExtension.java:138)
	at org.junit.jupiter.engine.descriptor.ClassBasedTestDescriptor.lambda$invokeTestInstancePostProcessors$10(ClassBasedTestDescriptor.java:377)
	at org.junit.jupiter.engine.descriptor.ClassBasedTestDescriptor.executeAndMaskThrowable(ClassBasedTestDescriptor.java:382)
	at org.junit.jupiter.engine.descriptor.ClassBasedTestDescriptor.lambda$invokeTestInstancePostProcessors$11(ClassBasedTestDescriptor.java:377)
	at java.base/java.util.stream.ReferencePipeline$3$1.accept(ReferencePipeline.java:197)
	at java.base/java.util.stream.ReferencePipeline$2$1.accept(ReferencePipeline.java:179)
	at java.base/java.util.ArrayList$ArrayListSpliterator.forEachRemaining(ArrayList.java:1625)
	at java.base/java.util.stream.AbstractPipeline.copyInto(AbstractPipeline.java:509)
	at java.base/java.util.stream.AbstractPipeline.wrapAndCopyInto(AbstractPipeline.java:499)
	at java.base/java.util.stream.StreamSpliterators$WrappingSpliterator.forEachRemaining(StreamSpliterators.java:310)
	at java.base/java.util.stream.Streams$ConcatSpliterator.forEachRemaining(Streams.java:735)
	at java.base/java.util.stream.Streams$ConcatSpliterator.forEachRemaining(Streams.java:734)
	at java.base/java.util.stream.ReferencePipeline$Head.forEach(ReferencePipeline.java:762)
	at org.junit.jupiter.engine.descriptor.ClassBasedTestDescriptor.invokeTestInstancePostProcessors(ClassBasedTestDescriptor.java:376)
	at org.junit.jupiter.engine.descriptor.ClassBasedTestDescriptor.lambda$instantiateAndPostProcessTestInstance$6(ClassBasedTestDescriptor.java:289)
	at org.junit.platform.engine.support.hierarchical.ThrowableCollector.execute(ThrowableCollector.java:73)
	at org.junit.jupiter.engine.descriptor.ClassBasedTestDescriptor.instantiateAndPostProcessTestInstance(ClassBasedTestDescriptor.java:288)
	at org.junit.jupiter.engine.descriptor.ClassBasedTestDescriptor.lambda$testInstancesProvider$4(ClassBasedTestDescriptor.java:278)
	at java.base/java.util.Optional.orElseGet(Optional.java:364)
	at org.junit.jupiter.engine.descriptor.ClassBasedTestDescriptor.lambda$testInstancesProvider$5(ClassBasedTestDescriptor.java:277)
	at org.junit.jupiter.engine.execution.TestInstancesProvider.getTestInstances(TestInstancesProvider.java:31)
	at org.junit.jupiter.engine.descriptor.TestMethodTestDescriptor.lambda$prepare$0(TestMethodTestDescriptor.java:105)
	at org.junit.platform.engine.support.hierarchical.ThrowableCollector.execute(ThrowableCollector.java:73)
	at org.junit.jupiter.engine.descriptor.TestMethodTestDescriptor.prepare(TestMethodTestDescriptor.java:104)
	at org.junit.jupiter.engine.descriptor.TestMethodTestDescriptor.prepare(TestMethodTestDescriptor.java:68)
	at org.junit.platform.engine.support.hierarchical.NodeTestTask.lambda$prepare$2(NodeTestTask.java:123)
	at org.junit.platform.engine.support.hierarchical.ThrowableCollector.execute(ThrowableCollector.java:73)
	at org.junit.platform.engine.support.hierarchical.NodeTestTask.prepare(NodeTestTask.java:123)
	at org.junit.platform.engine.support.hierarchical.NodeTestTask.execute(NodeTestTask.java:90)
	at java.base/java.util.ArrayList.forEach(ArrayList.java:1511)
	at org.junit.platform.engine.support.hierarchical.SameThreadHierarchicalTestExecutorService.invokeAll(SameThreadHierarchicalTestExecutorService.java:41)
	at org.junit.platform.engine.support.hierarchical.NodeTestTask.lambda$executeRecursively$6(NodeTestTask.java:155)
	at org.junit.platform.engine.support.hierarchical.ThrowableCollector.execute(ThrowableCollector.java:73)
	at org.junit.platform.engine.support.hierarchical.NodeTestTask.lambda$executeRecursively$8(NodeTestTask.java:141)
	at org.junit.platform.engine.support.hierarchical.Node.around(Node.java:137)
	at org.junit.platform.engine.support.hierarchical.NodeTestTask.lambda$executeRecursively$9(NodeTestTask.java:139)
	at org.junit.platform.engine.support.hierarchical.ThrowableCollector.execute(ThrowableCollector.java:73)
	at org.junit.platform.engine.support.hierarchical.NodeTestTask.executeRecursively(NodeTestTask.java:138)
	at org.junit.platform.engine.support.hierarchical.NodeTestTask.execute(NodeTestTask.java:95)
	at java.base/java.util.ArrayList.forEach(ArrayList.java:1511)
	at org.junit.platform.engine.support.hierarchical.SameThreadHierarchicalTestExecutorService.invokeAll(SameThreadHierarchicalTestExecutorService.java:41)
	at org.junit.platform.engine.support.hierarchical.NodeTestTask.lambda$executeRecursively$6(NodeTestTask.java:155)
	at org.junit.platform.engine.support.hierarchical.ThrowableCollector.execute(ThrowableCollector.java:73)
	at org.junit.platform.engine.support.hierarchical.NodeTestTask.lambda$executeRecursively$8(NodeTestTask.java:141)
	at org.junit.platform.engine.support.hierarchical.Node.around(Node.java:137)
	at org.junit.platform.engine.support.hierarchical.NodeTestTask.lambda$executeRecursively$9(NodeTestTask.java:139)
	at org.junit.platform.engine.support.hierarchical.ThrowableCollector.execute(ThrowableCollector.java:73)
	at org.junit.platform.engine.support.hierarchical.NodeTestTask.executeRecursively(NodeTestTask.java:138)
	at org.junit.platform.engine.support.hierarchical.NodeTestTask.execute(NodeTestTask.java:95)
	at org.junit.platform.engine.support.hierarchical.SameThreadHierarchicalTestExecutorService.submit(SameThreadHierarchicalTestExecutorService.java:35)
	at org.junit.platform.engine.support.hierarchical.HierarchicalTestExecutor.execute(HierarchicalTestExecutor.java:57)
	at org.junit.platform.engine.support.hierarchical.HierarchicalTestEngine.execute(HierarchicalTestEngine.java:54)
	at org.junit.platform.launcher.core.EngineExecutionOrchestrator.execute(EngineExecutionOrchestrator.java:147)
	at org.junit.platform.launcher.core.EngineExecutionOrchestrator.execute(EngineExecutionOrchestrator.java:127)
	at org.junit.platform.launcher.core.EngineExecutionOrchestrator.execute(EngineExecutionOrchestrator.java:90)
	at org.junit.platform.launcher.core.EngineExecutionOrchestrator.lambda$execute$0(EngineExecutionOrchestrator.java:55)
	at org.junit.platform.launcher.core.EngineExecutionOrchestrator.withInterceptedStreams(EngineExecutionOrchestrator.java:102)
	at org.junit.platform.launcher.core.EngineExecutionOrchestrator.execute(EngineExecutionOrchestrator.java:54)
	at org.junit.platform.launcher.core.DefaultLauncher.execute(DefaultLauncher.java:114)
	at org.junit.platform.launcher.core.DefaultLauncher.execute(DefaultLauncher.java:86)
	at org.junit.platform.launcher.core.DefaultLauncherSession$DelegatingLauncher.execute(DefaultLauncherSession.java:86)
	at org.apache.maven.surefire.junitplatform.LazyLauncher.execute(LazyLauncher.java:56)
	at org.apache.maven.surefire.junitplatform.JUnitPlatformProvider.execute(JUnitPlatformProvider.java:184)
	at org.apache.maven.surefire.junitplatform.JUnitPlatformProvider.invokeAllTests(JUnitPlatformProvider.java:148)
	at org.apache.maven.surefire.junitplatform.JUnitPlatformProvider.invoke(JUnitPlatformProvider.java:122)
	at org.apache.maven.surefire.booter.ForkedBooter.runSuitesInProcess(ForkedBooter.java:385)
	at org.apache.maven.surefire.booter.ForkedBooter.execute(ForkedBooter.java:162)
	at org.apache.maven.surefire.booter.ForkedBooter.run(ForkedBooter.java:507)
	at org.apache.maven.surefire.booter.ForkedBooter.main(ForkedBooter.java:495)
Caused by: org.springframework.beans.factory.BeanCreationException: Error creating bean with name 'mongo' defined in class path resource [org/springframework/boot/autoconfigure/mongo/MongoAutoConfiguration.class]: Failed to instantiate [com.mongodb.client.MongoClient]: Factory method 'mongo' threw exception with message: 'com.mongodb.internal.connection.Cluster com.mongodb.internal.connection.DefaultClusterFactory.createCluster(com.mongodb.connection.ClusterSettings, com.mongodb.connection.ServerSettings, com.mongodb.connection.ConnectionPoolSettings, com.mongodb.internal.connection.InternalConnectionPoolSettings, com.mongodb.connection.StreamFactory, com.mongodb.connection.StreamFactory, com.mongodb.MongoCredential, com.mongodb.event.CommandListener, java.lang.String, com.mongodb.MongoDriverInformation, java.util.List, com.mongodb.ServerApi)'
	at org.springframework.beans.factory.support.ConstructorResolver.instantiate(ConstructorResolver.java:654)
	at org.springframework.beans.factory.support.ConstructorResolver.instantiateUsingFactoryMethod(ConstructorResolver.java:642)
	at org.springframework.beans.factory.support.AbstractAutowireCapableBeanFactory.instantiateUsingFactoryMethod(AbstractAutowireCapableBeanFactory.java:1332)
	at org.springframework.beans.factory.support.AbstractAutowireCapableBeanFactory.createBeanInstance(AbstractAutowireCapableBeanFactory.java:1162)
	at org.springframework.beans.factory.support.AbstractAutowireCapableBeanFactory.doCreateBean(AbstractAutowireCapableBeanFactory.java:560)
	at org.springframework.beans.factory.support.AbstractAutowireCapableBeanFactory.createBean(AbstractAutowireCapableBeanFactory.java:520)
	at org.springframework.beans.factory.support.AbstractBeanFactory.lambda$doGetBean$0(AbstractBeanFactory.java:325)
	at org.springframework.beans.factory.support.DefaultSingletonBeanRegistry.getSingleton(DefaultSingletonBeanRegistry.java:234)
	at org.springframework.beans.factory.support.AbstractBeanFactory.doGetBean(AbstractBeanFactory.java:323)
	at org.springframework.beans.factory.support.AbstractBeanFactory.getBean(AbstractBeanFactory.java:199)
	at org.springframework.beans.factory.support.DefaultListableBeanFactory.preInstantiateSingletons(DefaultListableBeanFactory.java:973)
	at org.springframework.context.support.AbstractApplicationContext.finishBeanFactoryInitialization(AbstractApplicationContext.java:950)
	at org.springframework.context.support.AbstractApplicationContext.refresh(AbstractApplicationContext.java:616)
	at org.springframework.boot.SpringApplication.refresh(SpringApplication.java:738)
	at org.springframework.boot.SpringApplication.refreshContext(SpringApplication.java:440)
	at org.springframework.boot.SpringApplication.run(SpringApplication.java:316)
	at org.springframework.boot.test.context.SpringBootContextLoader.lambda$loadContext$3(SpringBootContextLoader.java:137)
	at org.springframework.util.function.ThrowingSupplier.get(ThrowingSupplier.java:58)
	at org.springframework.util.function.ThrowingSupplier.get(ThrowingSupplier.java:46)
	at org.springframework.boot.SpringApplication.withHook(SpringApplication.java:1406)
	at org.springframework.boot.test.context.SpringBootContextLoader$ContextLoaderHook.run(SpringBootContextLoader.java:545)
	at org.springframework.boot.test.context.SpringBootContextLoader.loadContext(SpringBootContextLoader.java:137)
	at org.springframework.boot.test.context.SpringBootContextLoader.loadContext(SpringBootContextLoader.java:108)
	at org.springframework.test.context.cache.DefaultCacheAwareContextLoaderDelegate.loadContextInternal(DefaultCacheAwareContextLoaderDelegate.java:187)
	at org.springframework.test.context.cache.DefaultCacheAwareContextLoaderDelegate.loadContext(DefaultCacheAwareContextLoaderDelegate.java:119)
	... 73 more
Caused by: org.springframework.beans.BeanInstantiationException: Failed to instantiate [com.mongodb.client.MongoClient]: Factory method 'mongo' threw exception with message: 'com.mongodb.internal.connection.Cluster com.mongodb.internal.connection.DefaultClusterFactory.createCluster(com.mongodb.connection.ClusterSettings, com.mongodb.connection.ServerSettings, com.mongodb.connection.ConnectionPoolSettings, com.mongodb.internal.connection.InternalConnectionPoolSettings, com.mongodb.connection.StreamFactory, com.mongodb.connection.StreamFactory, com.mongodb.MongoCredential, com.mongodb.event.CommandListener, java.lang.String, com.mongodb.MongoDriverInformation, java.util.List, com.mongodb.ServerApi)'
	at org.springframework.beans.factory.support.SimpleInstantiationStrategy.instantiate(SimpleInstantiationStrategy.java:171)
	at org.springframework.beans.factory.support.ConstructorResolver.instantiate(ConstructorResolver.java:650)
	... 97 more
Caused by: java.lang.NoSuchMethodError: 'com.mongodb.internal.connection.Cluster com.mongodb.internal.connection.DefaultClusterFactory.createCluster(com.mongodb.connection.ClusterSettings, com.mongodb.connection.ServerSettings, com.mongodb.connection.ConnectionPoolSettings, com.mongodb.internal.connection.InternalConnectionPoolSettings, com.mongodb.connection.StreamFactory, com.mongodb.connection.StreamFactory, com.mongodb.MongoCredential, com.mongodb.event.CommandListener, java.lang.String, com.mongodb.MongoDriverInformation, java.util.List, com.mongodb.ServerApi)'
	at com.mongodb.client.internal.MongoClientImpl.createCluster(MongoClientImpl.java:225)
	at com.mongodb.client.internal.MongoClientImpl.<init>(MongoClientImpl.java:73)
	at com.mongodb.client.MongoClients.create(MongoClients.java:108)
	at org.springframework.boot.autoconfigure.mongo.MongoClientFactorySupport.createMongoClient(MongoClientFactorySupport.java:50)
	at org.springframework.boot.autoconfigure.mongo.MongoAutoConfiguration.mongo(MongoAutoConfiguration.java:59)
	at java.base/jdk.internal.reflect.NativeMethodAccessorImpl.invoke0(Native Method)
	at java.base/jdk.internal.reflect.NativeMethodAccessorImpl.invoke(NativeMethodAccessorImpl.java:77)
	at java.base/jdk.internal.reflect.DelegatingMethodAccessorImpl.invoke(DelegatingMethodAccessorImpl.java:43)
	at java.base/java.lang.reflect.Method.invoke(Method.java:568)
	at org.springframework.beans.factory.support.SimpleInstantiationStrategy.instantiate(SimpleInstantiationStrategy.java:139)
	... 98 more
]]></error>
    <system-out><![CDATA[15:23:08.023 [main] INFO org.springframework.test.context.support.AnnotationConfigContextLoaderUtils -- Could not detect default configuration classes for test class [com.x.manage.service.controller.DeviceControllerTest]: DeviceControllerTest does not declare any static, non-private, non-final, nested classes annotated with @Configuration.
15:23:08.388 [main] INFO org.springframework.boot.test.context.SpringBootTestContextBootstrapper -- Found @SpringBootConfiguration com.x.manage.service.ManageServiceApplication for test class com.x.manage.service.controller.DeviceControllerTest
2025-07-25T15:23:09.320+08:00  INFO 26508 --- [           main] c.a.b.n.c.u.NacosConfigPropertiesUtils   : nacosConfigProperties : NacosConfigProperties{serverAddr='127.0.0.1:8848', contextPath='null', encode='null', endpoint='null', namespace='null', accessKey='null', secretKey='null', ramRoleName='null', autoRefresh=false, dataId='null', dataIds='null', group='DEFAULT_GROUP', type=PROPERTIES, maxRetry='null', configLongPollTimeout='null', configRetryTime='null', enableRemoteSyncConfig=false, extConfig=[], bootstrap=Bootstrap{enable=false, snapshotEnable=false, logEnable=false}}

  .   ____          _            __ _ _
 /\\ / ___'_ __ _ _(_)_ __  __ _ \ \ \ \
( ( )\___ | '_ | '_| | '_ \/ _` | \ \ \ \
 \\/  ___)| |_)| | | | | || (_| |  ) ) ) )
  '  |____| .__|_| |_|_| |_\__, | / / / /
 =========|_|==============|___/=/_/_/_/
 :: Spring Boot ::                (v3.1.5)

2025-07-25T15:23:09.450+08:00  INFO 26508 --- [           main] c.a.b.n.c.u.NacosConfigPropertiesUtils   : nacosConfigProperties : NacosConfigProperties{serverAddr='127.0.0.1:8848', contextPath='null', encode='null', endpoint='null', namespace='null', accessKey='null', secretKey='null', ramRoleName='null', autoRefresh=false, dataId='null', dataIds='null', group='DEFAULT_GROUP', type=PROPERTIES, maxRetry='null', configLongPollTimeout='null', configRetryTime='null', enableRemoteSyncConfig=false, extConfig=[], bootstrap=Bootstrap{enable=false, snapshotEnable=false, logEnable=false}}
2025-07-25T15:23:09.459+08:00  WARN 26508 --- [           main] c.a.nacos.client.logging.NacosLogging    : Load Logback Configuration of Nacos fail, message: org/slf4j/impl/StaticLoggerBinder
2025-07-25T15:23:09.460+08:00  INFO 26508 --- [           main] c.a.n.c.c.impl.LocalConfigInfoProcessor  : LOCAL_SNAPSHOT_PATH:C:\Users\whj\nacos\config
2025-07-25T15:23:09.460+08:00  INFO 26508 --- [           main] NacosConfigApplicationContextInitializer : [Nacos Config Boot] : The preload configuration is not enabled
2025-07-25T15:23:09.467+08:00  INFO 26508 --- [           main] c.x.m.s.controller.DeviceControllerTest  : Starting DeviceControllerTest using Java 17.0.4 with PID 26508 (started by whj in D:\work\project\me\x-service\x-manage-service)
2025-07-25T15:23:09.468+08:00 DEBUG 26508 --- [           main] c.x.m.s.controller.DeviceControllerTest  : Running with Spring Boot v3.1.5, Spring v6.0.13
2025-07-25T15:23:09.470+08:00  INFO 26508 --- [           main] c.x.m.s.controller.DeviceControllerTest  : No active profile set, falling back to 1 default profile: "default"
2025-07-25T15:23:11.692+08:00  INFO 26508 --- [           main] .s.d.r.c.RepositoryConfigurationDelegate : Multiple Spring Data modules found, entering strict repository configuration mode
2025-07-25T15:23:11.699+08:00  INFO 26508 --- [           main] .s.d.r.c.RepositoryConfigurationDelegate : Bootstrapping Spring Data Redis repositories in DEFAULT mode.
2025-07-25T15:23:11.738+08:00  INFO 26508 --- [           main] .s.d.r.c.RepositoryConfigurationDelegate : Finished Spring Data repository scanning in 17 ms. Found 0 Redis repository interfaces.
2025-07-25T15:23:15.988+08:00  WARN 26508 --- [           main] .s.s.UserDetailsServiceAutoConfiguration : 

Using generated security password: 3f93d764-4a71-4dc8-903a-e28ab533ac8b

This generated password is for development use only. Your security configuration must be updated before running your application in production.

2025-07-25T15:23:16.317+08:00  INFO 26508 --- [           main] o.s.b.a.e.web.EndpointLinksResolver      : Exposing 14 endpoint(s) beneath base path '/actuator'
2025-07-25T15:23:16.346+08:00  INFO 26508 --- [           main] o.s.s.web.DefaultSecurityFilterChain     : Will secure any request with [org.springframework.security.web.session.DisableEncodeUrlFilter@682270ff, org.springframework.security.web.context.request.async.WebAsyncManagerIntegrationFilter@6bc08a77, org.springframework.security.web.context.SecurityContextHolderFilter@35c9f527, org.springframework.security.web.header.HeaderWriterFilter@55465bfc, org.springframework.web.filter.CorsFilter@37922937, org.springframework.security.web.csrf.CsrfFilter@10664c3d, org.springframework.security.web.authentication.logout.LogoutFilter@2512155e, org.springframework.security.web.authentication.UsernamePasswordAuthenticationFilter@3b72860c, org.springframework.security.web.authentication.ui.DefaultLoginPageGeneratingFilter@2370c90, org.springframework.security.web.authentication.ui.DefaultLogoutPageGeneratingFilter@73483d4b, org.springframework.security.web.authentication.www.BasicAuthenticationFilter@951461a, org.springframework.security.web.savedrequest.RequestCacheAwareFilter@451f3f66, org.springframework.security.web.servletapi.SecurityContextHolderAwareRequestFilter@7789526e, org.springframework.security.web.authentication.AnonymousAuthenticationFilter@8961e55, org.springframework.security.web.access.ExceptionTranslationFilter@227c0cf7, org.springframework.security.web.access.intercept.AuthorizationFilter@3ca5da54]
2025-07-25T15:23:16.642+08:00  WARN 26508 --- [           main] o.s.w.c.s.GenericWebApplicationContext   : Exception encountered during context initialization - cancelling refresh attempt: org.springframework.beans.factory.BeanCreationException: Error creating bean with name 'mongo' defined in class path resource [org/springframework/boot/autoconfigure/mongo/MongoAutoConfiguration.class]: Failed to instantiate [com.mongodb.client.MongoClient]: Factory method 'mongo' threw exception with message: 'com.mongodb.internal.connection.Cluster com.mongodb.internal.connection.DefaultClusterFactory.createCluster(com.mongodb.connection.ClusterSettings, com.mongodb.connection.ServerSettings, com.mongodb.connection.ConnectionPoolSettings, com.mongodb.internal.connection.InternalConnectionPoolSettings, com.mongodb.connection.StreamFactory, com.mongodb.connection.StreamFactory, com.mongodb.MongoCredential, com.mongodb.event.CommandListener, java.lang.String, com.mongodb.MongoDriverInformation, java.util.List, com.mongodb.ServerApi)'
2025-07-25T15:23:16.679+08:00  INFO 26508 --- [           main] .c.NacosValueAnnotationBeanPostProcessor : class com.alibaba.nacos.spring.context.annotation.config.NacosValueAnnotationBeanPostProcessor was destroying!
2025-07-25T15:23:16.680+08:00  INFO 26508 --- [           main] AnnotationNacosInjectedBeanPostProcessor : class com.alibaba.nacos.spring.beans.factory.annotation.AnnotationNacosInjectedBeanPostProcessor was destroying!
2025-07-25T15:23:16.703+08:00  INFO 26508 --- [           main] .s.b.a.l.ConditionEvaluationReportLogger : 

Error starting ApplicationContext. To display the condition evaluation report re-run your application with 'debug' enabled.
2025-07-25T15:23:16.739+08:00 ERROR 26508 --- [           main] o.s.b.d.LoggingFailureAnalysisReporter   : 

***************************
APPLICATION FAILED TO START
***************************

Description:

An attempt was made to call a method that does not exist. The attempt was made from the following location:

    com.mongodb.client.internal.MongoClientImpl.createCluster(MongoClientImpl.java:225)

The following method did not exist:

    'com.mongodb.internal.connection.Cluster com.mongodb.internal.connection.DefaultClusterFactory.createCluster(com.mongodb.connection.ClusterSettings, com.mongodb.connection.ServerSettings, com.mongodb.connection.ConnectionPoolSettings, com.mongodb.internal.connection.InternalConnectionPoolSettings, com.mongodb.connection.StreamFactory, com.mongodb.connection.StreamFactory, com.mongodb.MongoCredential, com.mongodb.event.CommandListener, java.lang.String, com.mongodb.MongoDriverInformation, java.util.List, com.mongodb.ServerApi)'

The calling method's class, com.mongodb.client.internal.MongoClientImpl, was loaded from the following location:

    jar:file:/D:/soft/Repository/org/mongodb/mongodb-driver-sync/4.8.0/mongodb-driver-sync-4.8.0.jar!/com/mongodb/client/internal/MongoClientImpl.class

The called method's class, com.mongodb.internal.connection.DefaultClusterFactory, is available from the following locations:

    jar:file:/D:/soft/Repository/org/mongodb/mongodb-driver-core/4.9.1/mongodb-driver-core-4.9.1.jar!/com/mongodb/internal/connection/DefaultClusterFactory.class

The called method's class hierarchy was loaded from the following locations:

    com.mongodb.internal.connection.DefaultClusterFactory: file:/D:/soft/Repository/org/mongodb/mongodb-driver-core/4.9.1/mongodb-driver-core-4.9.1.jar


Action:

Correct the classpath of your application so that it contains compatible versions of the classes com.mongodb.client.internal.MongoClientImpl and com.mongodb.internal.connection.DefaultClusterFactory

2025-07-25T15:23:16.745+08:00 ERROR 26508 --- [           main] o.s.test.context.TestContextManager      : Caught exception while allowing TestExecutionListener [org.springframework.test.context.web.ServletTestExecutionListener] to prepare test instance [com.x.manage.service.controller.DeviceControllerTest@3811464b]

java.lang.IllegalStateException: Failed to load ApplicationContext for [WebMergedContextConfiguration@4417755b testClass = com.x.manage.service.controller.DeviceControllerTest, locations = [], classes = [com.x.manage.service.ManageServiceApplication], contextInitializerClasses = [], activeProfiles = [], propertySourceLocations = [], propertySourceProperties = ["org.springframework.boot.test.context.SpringBootTestContextBootstrapper=true"], contextCustomizers = [org.springframework.boot.test.context.filter.ExcludeFilterContextCustomizer@7fbdb894, org.springframework.boot.test.json.DuplicateJsonObjectContextCustomizerFactory$DuplicateJsonObjectContextCustomizer@436c81a3, org.springframework.boot.test.mock.mockito.MockitoContextCustomizer@0, org.springframework.boot.test.web.client.TestRestTemplateContextCustomizer@3af0a9da, org.springframework.boot.test.context.SpringBootTestAnnotation@3b88f492], resourceBasePath = "src/main/webapp", contextLoader = org.springframework.boot.test.context.SpringBootContextLoader, parent = null]
	at org.springframework.test.context.cache.DefaultCacheAwareContextLoaderDelegate.loadContext(DefaultCacheAwareContextLoaderDelegate.java:143) ~[spring-test-6.0.13.jar:6.0.13]
	at org.springframework.test.context.support.DefaultTestContext.getApplicationContext(DefaultTestContext.java:127) ~[spring-test-6.0.13.jar:6.0.13]
	at org.springframework.test.context.web.ServletTestExecutionListener.setUpRequestContextIfNecessary(ServletTestExecutionListener.java:191) ~[spring-test-6.0.13.jar:6.0.13]
	at org.springframework.test.context.web.ServletTestExecutionListener.prepareTestInstance(ServletTestExecutionListener.java:130) ~[spring-test-6.0.13.jar:6.0.13]
	at org.springframework.test.context.TestContextManager.prepareTestInstance(TestContextManager.java:241) ~[spring-test-6.0.13.jar:6.0.13]
	at org.springframework.test.context.junit.jupiter.SpringExtension.postProcessTestInstance(SpringExtension.java:138) ~[spring-test-6.0.13.jar:6.0.13]
	at org.junit.jupiter.engine.descriptor.ClassBasedTestDescriptor.lambda$invokeTestInstancePostProcessors$10(ClassBasedTestDescriptor.java:377) ~[junit-jupiter-engine-5.9.3.jar:5.9.3]
	at org.junit.jupiter.engine.descriptor.ClassBasedTestDescriptor.executeAndMaskThrowable(ClassBasedTestDescriptor.java:382) ~[junit-jupiter-engine-5.9.3.jar:5.9.3]
	at org.junit.jupiter.engine.descriptor.ClassBasedTestDescriptor.lambda$invokeTestInstancePostProcessors$11(ClassBasedTestDescriptor.java:377) ~[junit-jupiter-engine-5.9.3.jar:5.9.3]
	at java.base/java.util.stream.ReferencePipeline$3$1.accept(ReferencePipeline.java:197) ~[na:na]
	at java.base/java.util.stream.ReferencePipeline$2$1.accept(ReferencePipeline.java:179) ~[na:na]
	at java.base/java.util.ArrayList$ArrayListSpliterator.forEachRemaining(ArrayList.java:1625) ~[na:na]
	at java.base/java.util.stream.AbstractPipeline.copyInto(AbstractPipeline.java:509) ~[na:na]
	at java.base/java.util.stream.AbstractPipeline.wrapAndCopyInto(AbstractPipeline.java:499) ~[na:na]
	at java.base/java.util.stream.StreamSpliterators$WrappingSpliterator.forEachRemaining(StreamSpliterators.java:310) ~[na:na]
	at java.base/java.util.stream.Streams$ConcatSpliterator.forEachRemaining(Streams.java:735) ~[na:na]
	at java.base/java.util.stream.Streams$ConcatSpliterator.forEachRemaining(Streams.java:734) ~[na:na]
	at java.base/java.util.stream.ReferencePipeline$Head.forEach(ReferencePipeline.java:762) ~[na:na]
	at org.junit.jupiter.engine.descriptor.ClassBasedTestDescriptor.invokeTestInstancePostProcessors(ClassBasedTestDescriptor.java:376) ~[junit-jupiter-engine-5.9.3.jar:5.9.3]
	at org.junit.jupiter.engine.descriptor.ClassBasedTestDescriptor.lambda$instantiateAndPostProcessTestInstance$6(ClassBasedTestDescriptor.java:289) ~[junit-jupiter-engine-5.9.3.jar:5.9.3]
	at org.junit.platform.engine.support.hierarchical.ThrowableCollector.execute(ThrowableCollector.java:73) ~[junit-platform-engine-1.9.3.jar:1.9.3]
	at org.junit.jupiter.engine.descriptor.ClassBasedTestDescriptor.instantiateAndPostProcessTestInstance(ClassBasedTestDescriptor.java:288) ~[junit-jupiter-engine-5.9.3.jar:5.9.3]
	at org.junit.jupiter.engine.descriptor.ClassBasedTestDescriptor.lambda$testInstancesProvider$4(ClassBasedTestDescriptor.java:278) ~[junit-jupiter-engine-5.9.3.jar:5.9.3]
	at java.base/java.util.Optional.orElseGet(Optional.java:364) ~[na:na]
	at org.junit.jupiter.engine.descriptor.ClassBasedTestDescriptor.lambda$testInstancesProvider$5(ClassBasedTestDescriptor.java:277) ~[junit-jupiter-engine-5.9.3.jar:5.9.3]
	at org.junit.jupiter.engine.execution.TestInstancesProvider.getTestInstances(TestInstancesProvider.java:31) ~[junit-jupiter-engine-5.9.3.jar:5.9.3]
	at org.junit.jupiter.engine.descriptor.TestMethodTestDescriptor.lambda$prepare$0(TestMethodTestDescriptor.java:105) ~[junit-jupiter-engine-5.9.3.jar:5.9.3]
	at org.junit.platform.engine.support.hierarchical.ThrowableCollector.execute(ThrowableCollector.java:73) ~[junit-platform-engine-1.9.3.jar:1.9.3]
	at org.junit.jupiter.engine.descriptor.TestMethodTestDescriptor.prepare(TestMethodTestDescriptor.java:104) ~[junit-jupiter-engine-5.9.3.jar:5.9.3]
	at org.junit.jupiter.engine.descriptor.TestMethodTestDescriptor.prepare(TestMethodTestDescriptor.java:68) ~[junit-jupiter-engine-5.9.3.jar:5.9.3]
	at org.junit.platform.engine.support.hierarchical.NodeTestTask.lambda$prepare$2(NodeTestTask.java:123) ~[junit-platform-engine-1.9.3.jar:1.9.3]
	at org.junit.platform.engine.support.hierarchical.ThrowableCollector.execute(ThrowableCollector.java:73) ~[junit-platform-engine-1.9.3.jar:1.9.3]
	at org.junit.platform.engine.support.hierarchical.NodeTestTask.prepare(NodeTestTask.java:123) ~[junit-platform-engine-1.9.3.jar:1.9.3]
	at org.junit.platform.engine.support.hierarchical.NodeTestTask.execute(NodeTestTask.java:90) ~[junit-platform-engine-1.9.3.jar:1.9.3]
	at java.base/java.util.ArrayList.forEach(ArrayList.java:1511) ~[na:na]
	at org.junit.platform.engine.support.hierarchical.SameThreadHierarchicalTestExecutorService.invokeAll(SameThreadHierarchicalTestExecutorService.java:41) ~[junit-platform-engine-1.9.3.jar:1.9.3]
	at org.junit.platform.engine.support.hierarchical.NodeTestTask.lambda$executeRecursively$6(NodeTestTask.java:155) ~[junit-platform-engine-1.9.3.jar:1.9.3]
	at org.junit.platform.engine.support.hierarchical.ThrowableCollector.execute(ThrowableCollector.java:73) ~[junit-platform-engine-1.9.3.jar:1.9.3]
	at org.junit.platform.engine.support.hierarchical.NodeTestTask.lambda$executeRecursively$8(NodeTestTask.java:141) ~[junit-platform-engine-1.9.3.jar:1.9.3]
	at org.junit.platform.engine.support.hierarchical.Node.around(Node.java:137) ~[junit-platform-engine-1.9.3.jar:1.9.3]
	at org.junit.platform.engine.support.hierarchical.NodeTestTask.lambda$executeRecursively$9(NodeTestTask.java:139) ~[junit-platform-engine-1.9.3.jar:1.9.3]
	at org.junit.platform.engine.support.hierarchical.ThrowableCollector.execute(ThrowableCollector.java:73) ~[junit-platform-engine-1.9.3.jar:1.9.3]
	at org.junit.platform.engine.support.hierarchical.NodeTestTask.executeRecursively(NodeTestTask.java:138) ~[junit-platform-engine-1.9.3.jar:1.9.3]
	at org.junit.platform.engine.support.hierarchical.NodeTestTask.execute(NodeTestTask.java:95) ~[junit-platform-engine-1.9.3.jar:1.9.3]
	at java.base/java.util.ArrayList.forEach(ArrayList.java:1511) ~[na:na]
	at org.junit.platform.engine.support.hierarchical.SameThreadHierarchicalTestExecutorService.invokeAll(SameThreadHierarchicalTestExecutorService.java:41) ~[junit-platform-engine-1.9.3.jar:1.9.3]
	at org.junit.platform.engine.support.hierarchical.NodeTestTask.lambda$executeRecursively$6(NodeTestTask.java:155) ~[junit-platform-engine-1.9.3.jar:1.9.3]
	at org.junit.platform.engine.support.hierarchical.ThrowableCollector.execute(ThrowableCollector.java:73) ~[junit-platform-engine-1.9.3.jar:1.9.3]
	at org.junit.platform.engine.support.hierarchical.NodeTestTask.lambda$executeRecursively$8(NodeTestTask.java:141) ~[junit-platform-engine-1.9.3.jar:1.9.3]
	at org.junit.platform.engine.support.hierarchical.Node.around(Node.java:137) ~[junit-platform-engine-1.9.3.jar:1.9.3]
	at org.junit.platform.engine.support.hierarchical.NodeTestTask.lambda$executeRecursively$9(NodeTestTask.java:139) ~[junit-platform-engine-1.9.3.jar:1.9.3]
	at org.junit.platform.engine.support.hierarchical.ThrowableCollector.execute(ThrowableCollector.java:73) ~[junit-platform-engine-1.9.3.jar:1.9.3]
	at org.junit.platform.engine.support.hierarchical.NodeTestTask.executeRecursively(NodeTestTask.java:138) ~[junit-platform-engine-1.9.3.jar:1.9.3]
	at org.junit.platform.engine.support.hierarchical.NodeTestTask.execute(NodeTestTask.java:95) ~[junit-platform-engine-1.9.3.jar:1.9.3]
	at org.junit.platform.engine.support.hierarchical.SameThreadHierarchicalTestExecutorService.submit(SameThreadHierarchicalTestExecutorService.java:35) ~[junit-platform-engine-1.9.3.jar:1.9.3]
	at org.junit.platform.engine.support.hierarchical.HierarchicalTestExecutor.execute(HierarchicalTestExecutor.java:57) ~[junit-platform-engine-1.9.3.jar:1.9.3]
	at org.junit.platform.engine.support.hierarchical.HierarchicalTestEngine.execute(HierarchicalTestEngine.java:54) ~[junit-platform-engine-1.9.3.jar:1.9.3]
	at org.junit.platform.launcher.core.EngineExecutionOrchestrator.execute(EngineExecutionOrchestrator.java:147) ~[junit-platform-launcher-1.9.3.jar:1.9.3]
	at org.junit.platform.launcher.core.EngineExecutionOrchestrator.execute(EngineExecutionOrchestrator.java:127) ~[junit-platform-launcher-1.9.3.jar:1.9.3]
	at org.junit.platform.launcher.core.EngineExecutionOrchestrator.execute(EngineExecutionOrchestrator.java:90) ~[junit-platform-launcher-1.9.3.jar:1.9.3]
	at org.junit.platform.launcher.core.EngineExecutionOrchestrator.lambda$execute$0(EngineExecutionOrchestrator.java:55) ~[junit-platform-launcher-1.9.3.jar:1.9.3]
	at org.junit.platform.launcher.core.EngineExecutionOrchestrator.withInterceptedStreams(EngineExecutionOrchestrator.java:102) ~[junit-platform-launcher-1.9.3.jar:1.9.3]
	at org.junit.platform.launcher.core.EngineExecutionOrchestrator.execute(EngineExecutionOrchestrator.java:54) ~[junit-platform-launcher-1.9.3.jar:1.9.3]
	at org.junit.platform.launcher.core.DefaultLauncher.execute(DefaultLauncher.java:114) ~[junit-platform-launcher-1.9.3.jar:1.9.3]
	at org.junit.platform.launcher.core.DefaultLauncher.execute(DefaultLauncher.java:86) ~[junit-platform-launcher-1.9.3.jar:1.9.3]
	at org.junit.platform.launcher.core.DefaultLauncherSession$DelegatingLauncher.execute(DefaultLauncherSession.java:86) ~[junit-platform-launcher-1.9.3.jar:1.9.3]
	at org.apache.maven.surefire.junitplatform.LazyLauncher.execute(LazyLauncher.java:56) ~[surefire-junit-platform-3.2.5.jar:3.2.5]
	at org.apache.maven.surefire.junitplatform.JUnitPlatformProvider.execute(JUnitPlatformProvider.java:184) ~[surefire-junit-platform-3.2.5.jar:3.2.5]
	at org.apache.maven.surefire.junitplatform.JUnitPlatformProvider.invokeAllTests(JUnitPlatformProvider.java:148) ~[surefire-junit-platform-3.2.5.jar:3.2.5]
	at org.apache.maven.surefire.junitplatform.JUnitPlatformProvider.invoke(JUnitPlatformProvider.java:122) ~[surefire-junit-platform-3.2.5.jar:3.2.5]
	at org.apache.maven.surefire.booter.ForkedBooter.runSuitesInProcess(ForkedBooter.java:385) ~[surefire-booter-3.2.5.jar:3.2.5]
	at org.apache.maven.surefire.booter.ForkedBooter.execute(ForkedBooter.java:162) ~[surefire-booter-3.2.5.jar:3.2.5]
	at org.apache.maven.surefire.booter.ForkedBooter.run(ForkedBooter.java:507) ~[surefire-booter-3.2.5.jar:3.2.5]
	at org.apache.maven.surefire.booter.ForkedBooter.main(ForkedBooter.java:495) ~[surefire-booter-3.2.5.jar:3.2.5]
Caused by: org.springframework.beans.factory.BeanCreationException: Error creating bean with name 'mongo' defined in class path resource [org/springframework/boot/autoconfigure/mongo/MongoAutoConfiguration.class]: Failed to instantiate [com.mongodb.client.MongoClient]: Factory method 'mongo' threw exception with message: 'com.mongodb.internal.connection.Cluster com.mongodb.internal.connection.DefaultClusterFactory.createCluster(com.mongodb.connection.ClusterSettings, com.mongodb.connection.ServerSettings, com.mongodb.connection.ConnectionPoolSettings, com.mongodb.internal.connection.InternalConnectionPoolSettings, com.mongodb.connection.StreamFactory, com.mongodb.connection.StreamFactory, com.mongodb.MongoCredential, com.mongodb.event.CommandListener, java.lang.String, com.mongodb.MongoDriverInformation, java.util.List, com.mongodb.ServerApi)'
	at org.springframework.beans.factory.support.ConstructorResolver.instantiate(ConstructorResolver.java:654) ~[spring-beans-6.0.13.jar:6.0.13]
	at org.springframework.beans.factory.support.ConstructorResolver.instantiateUsingFactoryMethod(ConstructorResolver.java:642) ~[spring-beans-6.0.13.jar:6.0.13]
	at org.springframework.beans.factory.support.AbstractAutowireCapableBeanFactory.instantiateUsingFactoryMethod(AbstractAutowireCapableBeanFactory.java:1332) ~[spring-beans-6.0.13.jar:6.0.13]
	at org.springframework.beans.factory.support.AbstractAutowireCapableBeanFactory.createBeanInstance(AbstractAutowireCapableBeanFactory.java:1162) ~[spring-beans-6.0.13.jar:6.0.13]
	at org.springframework.beans.factory.support.AbstractAutowireCapableBeanFactory.doCreateBean(AbstractAutowireCapableBeanFactory.java:560) ~[spring-beans-6.0.13.jar:6.0.13]
	at org.springframework.beans.factory.support.AbstractAutowireCapableBeanFactory.createBean(AbstractAutowireCapableBeanFactory.java:520) ~[spring-beans-6.0.13.jar:6.0.13]
	at org.springframework.beans.factory.support.AbstractBeanFactory.lambda$doGetBean$0(AbstractBeanFactory.java:325) ~[spring-beans-6.0.13.jar:6.0.13]
	at org.springframework.beans.factory.support.DefaultSingletonBeanRegistry.getSingleton(DefaultSingletonBeanRegistry.java:234) ~[spring-beans-6.0.13.jar:6.0.13]
	at org.springframework.beans.factory.support.AbstractBeanFactory.doGetBean(AbstractBeanFactory.java:323) ~[spring-beans-6.0.13.jar:6.0.13]
	at org.springframework.beans.factory.support.AbstractBeanFactory.getBean(AbstractBeanFactory.java:199) ~[spring-beans-6.0.13.jar:6.0.13]
	at org.springframework.beans.factory.support.DefaultListableBeanFactory.preInstantiateSingletons(DefaultListableBeanFactory.java:973) ~[spring-beans-6.0.13.jar:6.0.13]
	at org.springframework.context.support.AbstractApplicationContext.finishBeanFactoryInitialization(AbstractApplicationContext.java:950) ~[spring-context-6.0.13.jar:6.0.13]
	at org.springframework.context.support.AbstractApplicationContext.refresh(AbstractApplicationContext.java:616) ~[spring-context-6.0.13.jar:6.0.13]
	at org.springframework.boot.SpringApplication.refresh(SpringApplication.java:738) ~[spring-boot-3.1.5.jar:3.1.5]
	at org.springframework.boot.SpringApplication.refreshContext(SpringApplication.java:440) ~[spring-boot-3.1.5.jar:3.1.5]
	at org.springframework.boot.SpringApplication.run(SpringApplication.java:316) ~[spring-boot-3.1.5.jar:3.1.5]
	at org.springframework.boot.test.context.SpringBootContextLoader.lambda$loadContext$3(SpringBootContextLoader.java:137) ~[spring-boot-test-3.1.5.jar:3.1.5]
	at org.springframework.util.function.ThrowingSupplier.get(ThrowingSupplier.java:58) ~[spring-core-6.0.13.jar:6.0.13]
	at org.springframework.util.function.ThrowingSupplier.get(ThrowingSupplier.java:46) ~[spring-core-6.0.13.jar:6.0.13]
	at org.springframework.boot.SpringApplication.withHook(SpringApplication.java:1406) ~[spring-boot-3.1.5.jar:3.1.5]
	at org.springframework.boot.test.context.SpringBootContextLoader$ContextLoaderHook.run(SpringBootContextLoader.java:545) ~[spring-boot-test-3.1.5.jar:3.1.5]
	at org.springframework.boot.test.context.SpringBootContextLoader.loadContext(SpringBootContextLoader.java:137) ~[spring-boot-test-3.1.5.jar:3.1.5]
	at org.springframework.boot.test.context.SpringBootContextLoader.loadContext(SpringBootContextLoader.java:108) ~[spring-boot-test-3.1.5.jar:3.1.5]
	at org.springframework.test.context.cache.DefaultCacheAwareContextLoaderDelegate.loadContextInternal(DefaultCacheAwareContextLoaderDelegate.java:187) ~[spring-test-6.0.13.jar:6.0.13]
	at org.springframework.test.context.cache.DefaultCacheAwareContextLoaderDelegate.loadContext(DefaultCacheAwareContextLoaderDelegate.java:119) ~[spring-test-6.0.13.jar:6.0.13]
	... 73 common frames omitted
Caused by: org.springframework.beans.BeanInstantiationException: Failed to instantiate [com.mongodb.client.MongoClient]: Factory method 'mongo' threw exception with message: 'com.mongodb.internal.connection.Cluster com.mongodb.internal.connection.DefaultClusterFactory.createCluster(com.mongodb.connection.ClusterSettings, com.mongodb.connection.ServerSettings, com.mongodb.connection.ConnectionPoolSettings, com.mongodb.internal.connection.InternalConnectionPoolSettings, com.mongodb.connection.StreamFactory, com.mongodb.connection.StreamFactory, com.mongodb.MongoCredential, com.mongodb.event.CommandListener, java.lang.String, com.mongodb.MongoDriverInformation, java.util.List, com.mongodb.ServerApi)'
	at org.springframework.beans.factory.support.SimpleInstantiationStrategy.instantiate(SimpleInstantiationStrategy.java:171) ~[spring-beans-6.0.13.jar:6.0.13]
	at org.springframework.beans.factory.support.ConstructorResolver.instantiate(ConstructorResolver.java:650) ~[spring-beans-6.0.13.jar:6.0.13]
	... 97 common frames omitted
Caused by: java.lang.NoSuchMethodError: 'com.mongodb.internal.connection.Cluster com.mongodb.internal.connection.DefaultClusterFactory.createCluster(com.mongodb.connection.ClusterSettings, com.mongodb.connection.ServerSettings, com.mongodb.connection.ConnectionPoolSettings, com.mongodb.internal.connection.InternalConnectionPoolSettings, com.mongodb.connection.StreamFactory, com.mongodb.connection.StreamFactory, com.mongodb.MongoCredential, com.mongodb.event.CommandListener, java.lang.String, com.mongodb.MongoDriverInformation, java.util.List, com.mongodb.ServerApi)'
	at com.mongodb.client.internal.MongoClientImpl.createCluster(MongoClientImpl.java:225) ~[mongodb-driver-sync-4.8.0.jar:na]
	at com.mongodb.client.internal.MongoClientImpl.<init>(MongoClientImpl.java:73) ~[mongodb-driver-sync-4.8.0.jar:na]
	at com.mongodb.client.MongoClients.create(MongoClients.java:108) ~[mongodb-driver-sync-4.8.0.jar:na]
	at org.springframework.boot.autoconfigure.mongo.MongoClientFactorySupport.createMongoClient(MongoClientFactorySupport.java:50) ~[spring-boot-autoconfigure-3.1.5.jar:3.1.5]
	at org.springframework.boot.autoconfigure.mongo.MongoAutoConfiguration.mongo(MongoAutoConfiguration.java:59) ~[spring-boot-autoconfigure-3.1.5.jar:3.1.5]
	at java.base/jdk.internal.reflect.NativeMethodAccessorImpl.invoke0(Native Method) ~[na:na]
	at java.base/jdk.internal.reflect.NativeMethodAccessorImpl.invoke(NativeMethodAccessorImpl.java:77) ~[na:na]
	at java.base/jdk.internal.reflect.DelegatingMethodAccessorImpl.invoke(DelegatingMethodAccessorImpl.java:43) ~[na:na]
	at java.base/java.lang.reflect.Method.invoke(Method.java:568) ~[na:na]
	at org.springframework.beans.factory.support.SimpleInstantiationStrategy.instantiate(SimpleInstantiationStrategy.java:139) ~[spring-beans-6.0.13.jar:6.0.13]
	... 98 common frames omitted

]]></system-out>
    <system-err><![CDATA[SLF4J: Class path contains multiple SLF4J providers.
SLF4J: Found provider [ch.qos.logback.classic.spi.LogbackServiceProvider@201a4587]
SLF4J: Found provider [org.slf4j.reload4j.Reload4jServiceProvider@61001b64]
SLF4J: See https://www.slf4j.org/codes.html#multiple_bindings for an explanation.
SLF4J: Actual provider is of type [ch.qos.logback.classic.spi.LogbackServiceProvider@201a4587]
]]></system-err>
  </testcase>
  <testcase name="testGetDeviceDetail" classname="com.x.manage.service.controller.DeviceControllerTest" time="0.001">
    <error message="Failed to load ApplicationContext for [WebMergedContextConfiguration@4417755b testClass = com.x.manage.service.controller.DeviceControllerTest, locations = [], classes = [com.x.manage.service.ManageServiceApplication], contextInitializerClasses = [], activeProfiles = [], propertySourceLocations = [], propertySourceProperties = [&quot;org.springframework.boot.test.context.SpringBootTestContextBootstrapper=true&quot;], contextCustomizers = [org.springframework.boot.test.context.filter.ExcludeFilterContextCustomizer@7fbdb894, org.springframework.boot.test.json.DuplicateJsonObjectContextCustomizerFactory$DuplicateJsonObjectContextCustomizer@436c81a3, org.springframework.boot.test.mock.mockito.MockitoContextCustomizer@0, org.springframework.boot.test.web.client.TestRestTemplateContextCustomizer@3af0a9da, org.springframework.boot.test.context.SpringBootTestAnnotation@3b88f492], resourceBasePath = &quot;src/main/webapp&quot;, contextLoader = org.springframework.boot.test.context.SpringBootContextLoader, parent = null]" type="java.lang.IllegalStateException"><![CDATA[java.lang.IllegalStateException: Failed to load ApplicationContext for [WebMergedContextConfiguration@4417755b testClass = com.x.manage.service.controller.DeviceControllerTest, locations = [], classes = [com.x.manage.service.ManageServiceApplication], contextInitializerClasses = [], activeProfiles = [], propertySourceLocations = [], propertySourceProperties = ["org.springframework.boot.test.context.SpringBootTestContextBootstrapper=true"], contextCustomizers = [org.springframework.boot.test.context.filter.ExcludeFilterContextCustomizer@7fbdb894, org.springframework.boot.test.json.DuplicateJsonObjectContextCustomizerFactory$DuplicateJsonObjectContextCustomizer@436c81a3, org.springframework.boot.test.mock.mockito.MockitoContextCustomizer@0, org.springframework.boot.test.web.client.TestRestTemplateContextCustomizer@3af0a9da, org.springframework.boot.test.context.SpringBootTestAnnotation@3b88f492], resourceBasePath = "src/main/webapp", contextLoader = org.springframework.boot.test.context.SpringBootContextLoader, parent = null]
	at org.springframework.test.context.cache.DefaultCacheAwareContextLoaderDelegate.loadContext(DefaultCacheAwareContextLoaderDelegate.java:143)
	at org.springframework.test.context.support.DefaultTestContext.getApplicationContext(DefaultTestContext.java:127)
	at org.springframework.test.context.web.ServletTestExecutionListener.setUpRequestContextIfNecessary(ServletTestExecutionListener.java:191)
	at org.springframework.test.context.web.ServletTestExecutionListener.prepareTestInstance(ServletTestExecutionListener.java:130)
	at org.springframework.test.context.TestContextManager.prepareTestInstance(TestContextManager.java:241)
	at org.springframework.test.context.junit.jupiter.SpringExtension.postProcessTestInstance(SpringExtension.java:138)
	at org.junit.jupiter.engine.descriptor.ClassBasedTestDescriptor.lambda$invokeTestInstancePostProcessors$10(ClassBasedTestDescriptor.java:377)
	at org.junit.jupiter.engine.descriptor.ClassBasedTestDescriptor.executeAndMaskThrowable(ClassBasedTestDescriptor.java:382)
	at org.junit.jupiter.engine.descriptor.ClassBasedTestDescriptor.lambda$invokeTestInstancePostProcessors$11(ClassBasedTestDescriptor.java:377)
	at java.base/java.util.stream.ReferencePipeline$3$1.accept(ReferencePipeline.java:197)
	at java.base/java.util.stream.ReferencePipeline$2$1.accept(ReferencePipeline.java:179)
	at java.base/java.util.ArrayList$ArrayListSpliterator.forEachRemaining(ArrayList.java:1625)
	at java.base/java.util.stream.AbstractPipeline.copyInto(AbstractPipeline.java:509)
	at java.base/java.util.stream.AbstractPipeline.wrapAndCopyInto(AbstractPipeline.java:499)
	at java.base/java.util.stream.StreamSpliterators$WrappingSpliterator.forEachRemaining(StreamSpliterators.java:310)
	at java.base/java.util.stream.Streams$ConcatSpliterator.forEachRemaining(Streams.java:735)
	at java.base/java.util.stream.Streams$ConcatSpliterator.forEachRemaining(Streams.java:734)
	at java.base/java.util.stream.ReferencePipeline$Head.forEach(ReferencePipeline.java:762)
	at org.junit.jupiter.engine.descriptor.ClassBasedTestDescriptor.invokeTestInstancePostProcessors(ClassBasedTestDescriptor.java:376)
	at org.junit.jupiter.engine.descriptor.ClassBasedTestDescriptor.lambda$instantiateAndPostProcessTestInstance$6(ClassBasedTestDescriptor.java:289)
	at org.junit.platform.engine.support.hierarchical.ThrowableCollector.execute(ThrowableCollector.java:73)
	at org.junit.jupiter.engine.descriptor.ClassBasedTestDescriptor.instantiateAndPostProcessTestInstance(ClassBasedTestDescriptor.java:288)
	at org.junit.jupiter.engine.descriptor.ClassBasedTestDescriptor.lambda$testInstancesProvider$4(ClassBasedTestDescriptor.java:278)
	at java.base/java.util.Optional.orElseGet(Optional.java:364)
	at org.junit.jupiter.engine.descriptor.ClassBasedTestDescriptor.lambda$testInstancesProvider$5(ClassBasedTestDescriptor.java:277)
	at org.junit.jupiter.engine.execution.TestInstancesProvider.getTestInstances(TestInstancesProvider.java:31)
	at org.junit.jupiter.engine.descriptor.TestMethodTestDescriptor.lambda$prepare$0(TestMethodTestDescriptor.java:105)
	at org.junit.platform.engine.support.hierarchical.ThrowableCollector.execute(ThrowableCollector.java:73)
	at org.junit.jupiter.engine.descriptor.TestMethodTestDescriptor.prepare(TestMethodTestDescriptor.java:104)
	at org.junit.jupiter.engine.descriptor.TestMethodTestDescriptor.prepare(TestMethodTestDescriptor.java:68)
	at org.junit.platform.engine.support.hierarchical.NodeTestTask.lambda$prepare$2(NodeTestTask.java:123)
	at org.junit.platform.engine.support.hierarchical.ThrowableCollector.execute(ThrowableCollector.java:73)
	at org.junit.platform.engine.support.hierarchical.NodeTestTask.prepare(NodeTestTask.java:123)
	at org.junit.platform.engine.support.hierarchical.NodeTestTask.execute(NodeTestTask.java:90)
	at java.base/java.util.ArrayList.forEach(ArrayList.java:1511)
	at org.junit.platform.engine.support.hierarchical.SameThreadHierarchicalTestExecutorService.invokeAll(SameThreadHierarchicalTestExecutorService.java:41)
	at org.junit.platform.engine.support.hierarchical.NodeTestTask.lambda$executeRecursively$6(NodeTestTask.java:155)
	at org.junit.platform.engine.support.hierarchical.ThrowableCollector.execute(ThrowableCollector.java:73)
	at org.junit.platform.engine.support.hierarchical.NodeTestTask.lambda$executeRecursively$8(NodeTestTask.java:141)
	at org.junit.platform.engine.support.hierarchical.Node.around(Node.java:137)
	at org.junit.platform.engine.support.hierarchical.NodeTestTask.lambda$executeRecursively$9(NodeTestTask.java:139)
	at org.junit.platform.engine.support.hierarchical.ThrowableCollector.execute(ThrowableCollector.java:73)
	at org.junit.platform.engine.support.hierarchical.NodeTestTask.executeRecursively(NodeTestTask.java:138)
	at org.junit.platform.engine.support.hierarchical.NodeTestTask.execute(NodeTestTask.java:95)
	at java.base/java.util.ArrayList.forEach(ArrayList.java:1511)
	at org.junit.platform.engine.support.hierarchical.SameThreadHierarchicalTestExecutorService.invokeAll(SameThreadHierarchicalTestExecutorService.java:41)
	at org.junit.platform.engine.support.hierarchical.NodeTestTask.lambda$executeRecursively$6(NodeTestTask.java:155)
	at org.junit.platform.engine.support.hierarchical.ThrowableCollector.execute(ThrowableCollector.java:73)
	at org.junit.platform.engine.support.hierarchical.NodeTestTask.lambda$executeRecursively$8(NodeTestTask.java:141)
	at org.junit.platform.engine.support.hierarchical.Node.around(Node.java:137)
	at org.junit.platform.engine.support.hierarchical.NodeTestTask.lambda$executeRecursively$9(NodeTestTask.java:139)
	at org.junit.platform.engine.support.hierarchical.ThrowableCollector.execute(ThrowableCollector.java:73)
	at org.junit.platform.engine.support.hierarchical.NodeTestTask.executeRecursively(NodeTestTask.java:138)
	at org.junit.platform.engine.support.hierarchical.NodeTestTask.execute(NodeTestTask.java:95)
	at org.junit.platform.engine.support.hierarchical.SameThreadHierarchicalTestExecutorService.submit(SameThreadHierarchicalTestExecutorService.java:35)
	at org.junit.platform.engine.support.hierarchical.HierarchicalTestExecutor.execute(HierarchicalTestExecutor.java:57)
	at org.junit.platform.engine.support.hierarchical.HierarchicalTestEngine.execute(HierarchicalTestEngine.java:54)
	at org.junit.platform.launcher.core.EngineExecutionOrchestrator.execute(EngineExecutionOrchestrator.java:147)
	at org.junit.platform.launcher.core.EngineExecutionOrchestrator.execute(EngineExecutionOrchestrator.java:127)
	at org.junit.platform.launcher.core.EngineExecutionOrchestrator.execute(EngineExecutionOrchestrator.java:90)
	at org.junit.platform.launcher.core.EngineExecutionOrchestrator.lambda$execute$0(EngineExecutionOrchestrator.java:55)
	at org.junit.platform.launcher.core.EngineExecutionOrchestrator.withInterceptedStreams(EngineExecutionOrchestrator.java:102)
	at org.junit.platform.launcher.core.EngineExecutionOrchestrator.execute(EngineExecutionOrchestrator.java:54)
	at org.junit.platform.launcher.core.DefaultLauncher.execute(DefaultLauncher.java:114)
	at org.junit.platform.launcher.core.DefaultLauncher.execute(DefaultLauncher.java:86)
	at org.junit.platform.launcher.core.DefaultLauncherSession$DelegatingLauncher.execute(DefaultLauncherSession.java:86)
	at org.apache.maven.surefire.junitplatform.LazyLauncher.execute(LazyLauncher.java:56)
	at org.apache.maven.surefire.junitplatform.JUnitPlatformProvider.execute(JUnitPlatformProvider.java:184)
	at org.apache.maven.surefire.junitplatform.JUnitPlatformProvider.invokeAllTests(JUnitPlatformProvider.java:148)
	at org.apache.maven.surefire.junitplatform.JUnitPlatformProvider.invoke(JUnitPlatformProvider.java:122)
	at org.apache.maven.surefire.booter.ForkedBooter.runSuitesInProcess(ForkedBooter.java:385)
	at org.apache.maven.surefire.booter.ForkedBooter.execute(ForkedBooter.java:162)
	at org.apache.maven.surefire.booter.ForkedBooter.run(ForkedBooter.java:507)
	at org.apache.maven.surefire.booter.ForkedBooter.main(ForkedBooter.java:495)
Caused by: org.springframework.beans.factory.BeanCreationException: Error creating bean with name 'mongo' defined in class path resource [org/springframework/boot/autoconfigure/mongo/MongoAutoConfiguration.class]: Failed to instantiate [com.mongodb.client.MongoClient]: Factory method 'mongo' threw exception with message: 'com.mongodb.internal.connection.Cluster com.mongodb.internal.connection.DefaultClusterFactory.createCluster(com.mongodb.connection.ClusterSettings, com.mongodb.connection.ServerSettings, com.mongodb.connection.ConnectionPoolSettings, com.mongodb.internal.connection.InternalConnectionPoolSettings, com.mongodb.connection.StreamFactory, com.mongodb.connection.StreamFactory, com.mongodb.MongoCredential, com.mongodb.event.CommandListener, java.lang.String, com.mongodb.MongoDriverInformation, java.util.List, com.mongodb.ServerApi)'
	at org.springframework.beans.factory.support.ConstructorResolver.instantiate(ConstructorResolver.java:654)
	at org.springframework.beans.factory.support.ConstructorResolver.instantiateUsingFactoryMethod(ConstructorResolver.java:642)
	at org.springframework.beans.factory.support.AbstractAutowireCapableBeanFactory.instantiateUsingFactoryMethod(AbstractAutowireCapableBeanFactory.java:1332)
	at org.springframework.beans.factory.support.AbstractAutowireCapableBeanFactory.createBeanInstance(AbstractAutowireCapableBeanFactory.java:1162)
	at org.springframework.beans.factory.support.AbstractAutowireCapableBeanFactory.doCreateBean(AbstractAutowireCapableBeanFactory.java:560)
	at org.springframework.beans.factory.support.AbstractAutowireCapableBeanFactory.createBean(AbstractAutowireCapableBeanFactory.java:520)
	at org.springframework.beans.factory.support.AbstractBeanFactory.lambda$doGetBean$0(AbstractBeanFactory.java:325)
	at org.springframework.beans.factory.support.DefaultSingletonBeanRegistry.getSingleton(DefaultSingletonBeanRegistry.java:234)
	at org.springframework.beans.factory.support.AbstractBeanFactory.doGetBean(AbstractBeanFactory.java:323)
	at org.springframework.beans.factory.support.AbstractBeanFactory.getBean(AbstractBeanFactory.java:199)
	at org.springframework.beans.factory.support.DefaultListableBeanFactory.preInstantiateSingletons(DefaultListableBeanFactory.java:973)
	at org.springframework.context.support.AbstractApplicationContext.finishBeanFactoryInitialization(AbstractApplicationContext.java:950)
	at org.springframework.context.support.AbstractApplicationContext.refresh(AbstractApplicationContext.java:616)
	at org.springframework.boot.SpringApplication.refresh(SpringApplication.java:738)
	at org.springframework.boot.SpringApplication.refreshContext(SpringApplication.java:440)
	at org.springframework.boot.SpringApplication.run(SpringApplication.java:316)
	at org.springframework.boot.test.context.SpringBootContextLoader.lambda$loadContext$3(SpringBootContextLoader.java:137)
	at org.springframework.util.function.ThrowingSupplier.get(ThrowingSupplier.java:58)
	at org.springframework.util.function.ThrowingSupplier.get(ThrowingSupplier.java:46)
	at org.springframework.boot.SpringApplication.withHook(SpringApplication.java:1406)
	at org.springframework.boot.test.context.SpringBootContextLoader$ContextLoaderHook.run(SpringBootContextLoader.java:545)
	at org.springframework.boot.test.context.SpringBootContextLoader.loadContext(SpringBootContextLoader.java:137)
	at org.springframework.boot.test.context.SpringBootContextLoader.loadContext(SpringBootContextLoader.java:108)
	at org.springframework.test.context.cache.DefaultCacheAwareContextLoaderDelegate.loadContextInternal(DefaultCacheAwareContextLoaderDelegate.java:187)
	at org.springframework.test.context.cache.DefaultCacheAwareContextLoaderDelegate.loadContext(DefaultCacheAwareContextLoaderDelegate.java:119)
	... 73 more
Caused by: org.springframework.beans.BeanInstantiationException: Failed to instantiate [com.mongodb.client.MongoClient]: Factory method 'mongo' threw exception with message: 'com.mongodb.internal.connection.Cluster com.mongodb.internal.connection.DefaultClusterFactory.createCluster(com.mongodb.connection.ClusterSettings, com.mongodb.connection.ServerSettings, com.mongodb.connection.ConnectionPoolSettings, com.mongodb.internal.connection.InternalConnectionPoolSettings, com.mongodb.connection.StreamFactory, com.mongodb.connection.StreamFactory, com.mongodb.MongoCredential, com.mongodb.event.CommandListener, java.lang.String, com.mongodb.MongoDriverInformation, java.util.List, com.mongodb.ServerApi)'
	at org.springframework.beans.factory.support.SimpleInstantiationStrategy.instantiate(SimpleInstantiationStrategy.java:171)
	at org.springframework.beans.factory.support.ConstructorResolver.instantiate(ConstructorResolver.java:650)
	... 97 more
Caused by: java.lang.NoSuchMethodError: 'com.mongodb.internal.connection.Cluster com.mongodb.internal.connection.DefaultClusterFactory.createCluster(com.mongodb.connection.ClusterSettings, com.mongodb.connection.ServerSettings, com.mongodb.connection.ConnectionPoolSettings, com.mongodb.internal.connection.InternalConnectionPoolSettings, com.mongodb.connection.StreamFactory, com.mongodb.connection.StreamFactory, com.mongodb.MongoCredential, com.mongodb.event.CommandListener, java.lang.String, com.mongodb.MongoDriverInformation, java.util.List, com.mongodb.ServerApi)'
	at com.mongodb.client.internal.MongoClientImpl.createCluster(MongoClientImpl.java:225)
	at com.mongodb.client.internal.MongoClientImpl.<init>(MongoClientImpl.java:73)
	at com.mongodb.client.MongoClients.create(MongoClients.java:108)
	at org.springframework.boot.autoconfigure.mongo.MongoClientFactorySupport.createMongoClient(MongoClientFactorySupport.java:50)
	at org.springframework.boot.autoconfigure.mongo.MongoAutoConfiguration.mongo(MongoAutoConfiguration.java:59)
	at java.base/jdk.internal.reflect.NativeMethodAccessorImpl.invoke0(Native Method)
	at java.base/jdk.internal.reflect.NativeMethodAccessorImpl.invoke(NativeMethodAccessorImpl.java:77)
	at java.base/jdk.internal.reflect.DelegatingMethodAccessorImpl.invoke(DelegatingMethodAccessorImpl.java:43)
	at java.base/java.lang.reflect.Method.invoke(Method.java:568)
	at org.springframework.beans.factory.support.SimpleInstantiationStrategy.instantiate(SimpleInstantiationStrategy.java:139)
	... 98 more
]]></error>
    <system-out><![CDATA[2025-07-25T15:23:16.826+08:00  INFO 26508 --- [           main] c.a.b.n.c.u.NacosConfigPropertiesUtils   : nacosConfigProperties : NacosConfigProperties{serverAddr='127.0.0.1:8848', contextPath='null', encode='null', endpoint='null', namespace='null', accessKey='null', secretKey='null', ramRoleName='null', autoRefresh=false, dataId='null', dataIds='null', group='DEFAULT_GROUP', type=PROPERTIES, maxRetry='null', configLongPollTimeout='null', configRetryTime='null', enableRemoteSyncConfig=false, extConfig=[], bootstrap=Bootstrap{enable=false, snapshotEnable=false, logEnable=false}}

  .   ____          _            __ _ _
 /\\ / ___'_ __ _ _(_)_ __  __ _ \ \ \ \
( ( )\___ | '_ | '_| | '_ \/ _` | \ \ \ \
 \\/  ___)| |_)| | | | | || (_| |  ) ) ) )
  '  |____| .__|_| |_|_| |_\__, | / / / /
 =========|_|==============|___/=/_/_/_/
 :: Spring Boot ::                (v3.1.5)

2025-07-25T15:23:16.831+08:00  INFO 26508 --- [           main] c.a.b.n.c.u.NacosConfigPropertiesUtils   : nacosConfigProperties : NacosConfigProperties{serverAddr='127.0.0.1:8848', contextPath='null', encode='null', endpoint='null', namespace='null', accessKey='null', secretKey='null', ramRoleName='null', autoRefresh=false, dataId='null', dataIds='null', group='DEFAULT_GROUP', type=PROPERTIES, maxRetry='null', configLongPollTimeout='null', configRetryTime='null', enableRemoteSyncConfig=false, extConfig=[], bootstrap=Bootstrap{enable=false, snapshotEnable=false, logEnable=false}}
2025-07-25T15:23:16.832+08:00  INFO 26508 --- [           main] NacosConfigApplicationContextInitializer : [Nacos Config Boot] : The preload configuration is not enabled
2025-07-25T15:23:16.833+08:00  INFO 26508 --- [           main] c.x.m.s.controller.DeviceControllerTest  : Starting DeviceControllerTest using Java 17.0.4 with PID 26508 (started by whj in D:\work\project\me\x-service\x-manage-service)
2025-07-25T15:23:16.833+08:00 DEBUG 26508 --- [           main] c.x.m.s.controller.DeviceControllerTest  : Running with Spring Boot v3.1.5, Spring v6.0.13
2025-07-25T15:23:16.834+08:00  INFO 26508 --- [           main] c.x.m.s.controller.DeviceControllerTest  : No active profile set, falling back to 1 default profile: "default"
2025-07-25T15:23:17.588+08:00  INFO 26508 --- [           main] .s.d.r.c.RepositoryConfigurationDelegate : Multiple Spring Data modules found, entering strict repository configuration mode
2025-07-25T15:23:17.589+08:00  INFO 26508 --- [           main] .s.d.r.c.RepositoryConfigurationDelegate : Bootstrapping Spring Data Redis repositories in DEFAULT mode.
2025-07-25T15:23:17.595+08:00  INFO 26508 --- [           main] .s.d.r.c.RepositoryConfigurationDelegate : Finished Spring Data repository scanning in 5 ms. Found 0 Redis repository interfaces.
2025-07-25T15:23:18.256+08:00  WARN 26508 --- [           main] .s.s.UserDetailsServiceAutoConfiguration : 

Using generated security password: cf33a417-1a7d-492f-a9ae-a5a2b1e17507

This generated password is for development use only. Your security configuration must be updated before running your application in production.

2025-07-25T15:23:18.283+08:00  INFO 26508 --- [           main] o.s.b.a.e.web.EndpointLinksResolver      : Exposing 14 endpoint(s) beneath base path '/actuator'
2025-07-25T15:23:18.301+08:00  INFO 26508 --- [           main] o.s.s.web.DefaultSecurityFilterChain     : Will secure any request with [org.springframework.security.web.session.DisableEncodeUrlFilter@29f72685, org.springframework.security.web.context.request.async.WebAsyncManagerIntegrationFilter@4f8488ef, org.springframework.security.web.context.SecurityContextHolderFilter@106e6dfe, org.springframework.security.web.header.HeaderWriterFilter@324afa73, org.springframework.web.filter.CorsFilter@27a8bfa1, org.springframework.security.web.csrf.CsrfFilter@87cb1d8, org.springframework.security.web.authentication.logout.LogoutFilter@203b98cf, org.springframework.security.web.authentication.UsernamePasswordAuthenticationFilter@7a925ac4, org.springframework.security.web.authentication.ui.DefaultLoginPageGeneratingFilter@31b827a6, org.springframework.security.web.authentication.ui.DefaultLogoutPageGeneratingFilter@56114349, org.springframework.security.web.authentication.www.BasicAuthenticationFilter@3b09582d, org.springframework.security.web.savedrequest.RequestCacheAwareFilter@7df1fc5a, org.springframework.security.web.servletapi.SecurityContextHolderAwareRequestFilter@5444c63f, org.springframework.security.web.authentication.AnonymousAuthenticationFilter@46c28400, org.springframework.security.web.access.ExceptionTranslationFilter@14d7a962, org.springframework.security.web.access.intercept.AuthorizationFilter@22495f2f]
2025-07-25T15:23:18.361+08:00  WARN 26508 --- [           main] o.s.w.c.s.GenericWebApplicationContext   : Exception encountered during context initialization - cancelling refresh attempt: org.springframework.beans.factory.BeanCreationException: Error creating bean with name 'mongo' defined in class path resource [org/springframework/boot/autoconfigure/mongo/MongoAutoConfiguration.class]: Failed to instantiate [com.mongodb.client.MongoClient]: Factory method 'mongo' threw exception with message: 'com.mongodb.internal.connection.Cluster com.mongodb.internal.connection.DefaultClusterFactory.createCluster(com.mongodb.connection.ClusterSettings, com.mongodb.connection.ServerSettings, com.mongodb.connection.ConnectionPoolSettings, com.mongodb.internal.connection.InternalConnectionPoolSettings, com.mongodb.connection.StreamFactory, com.mongodb.connection.StreamFactory, com.mongodb.MongoCredential, com.mongodb.event.CommandListener, java.lang.String, com.mongodb.MongoDriverInformation, java.util.List, com.mongodb.ServerApi)'
2025-07-25T15:23:18.367+08:00  INFO 26508 --- [           main] .c.NacosValueAnnotationBeanPostProcessor : class com.alibaba.nacos.spring.context.annotation.config.NacosValueAnnotationBeanPostProcessor was destroying!
2025-07-25T15:23:18.367+08:00  INFO 26508 --- [           main] AnnotationNacosInjectedBeanPostProcessor : class com.alibaba.nacos.spring.beans.factory.annotation.AnnotationNacosInjectedBeanPostProcessor was destroying!
2025-07-25T15:23:18.380+08:00  INFO 26508 --- [           main] .s.b.a.l.ConditionEvaluationReportLogger : 

Error starting ApplicationContext. To display the condition evaluation report re-run your application with 'debug' enabled.
2025-07-25T15:23:18.383+08:00 ERROR 26508 --- [           main] o.s.b.d.LoggingFailureAnalysisReporter   : 

***************************
APPLICATION FAILED TO START
***************************

Description:

An attempt was made to call a method that does not exist. The attempt was made from the following location:

    com.mongodb.client.internal.MongoClientImpl.createCluster(MongoClientImpl.java:225)

The following method did not exist:

    'com.mongodb.internal.connection.Cluster com.mongodb.internal.connection.DefaultClusterFactory.createCluster(com.mongodb.connection.ClusterSettings, com.mongodb.connection.ServerSettings, com.mongodb.connection.ConnectionPoolSettings, com.mongodb.internal.connection.InternalConnectionPoolSettings, com.mongodb.connection.StreamFactory, com.mongodb.connection.StreamFactory, com.mongodb.MongoCredential, com.mongodb.event.CommandListener, java.lang.String, com.mongodb.MongoDriverInformation, java.util.List, com.mongodb.ServerApi)'

The calling method's class, com.mongodb.client.internal.MongoClientImpl, was loaded from the following location:

    jar:file:/D:/soft/Repository/org/mongodb/mongodb-driver-sync/4.8.0/mongodb-driver-sync-4.8.0.jar!/com/mongodb/client/internal/MongoClientImpl.class

The called method's class, com.mongodb.internal.connection.DefaultClusterFactory, is available from the following locations:

    jar:file:/D:/soft/Repository/org/mongodb/mongodb-driver-core/4.9.1/mongodb-driver-core-4.9.1.jar!/com/mongodb/internal/connection/DefaultClusterFactory.class

The called method's class hierarchy was loaded from the following locations:

    com.mongodb.internal.connection.DefaultClusterFactory: file:/D:/soft/Repository/org/mongodb/mongodb-driver-core/4.9.1/mongodb-driver-core-4.9.1.jar


Action:

Correct the classpath of your application so that it contains compatible versions of the classes com.mongodb.client.internal.MongoClientImpl and com.mongodb.internal.connection.DefaultClusterFactory

2025-07-25T15:23:18.384+08:00 ERROR 26508 --- [           main] o.s.test.context.TestContextManager      : Caught exception while allowing TestExecutionListener [org.springframework.test.context.web.ServletTestExecutionListener] to prepare test instance [com.x.manage.service.controller.DeviceControllerTest@d2ca3a9]

java.lang.IllegalStateException: Failed to load ApplicationContext for [WebMergedContextConfiguration@4417755b testClass = com.x.manage.service.controller.DeviceControllerTest, locations = [], classes = [com.x.manage.service.ManageServiceApplication], contextInitializerClasses = [], activeProfiles = [], propertySourceLocations = [], propertySourceProperties = ["org.springframework.boot.test.context.SpringBootTestContextBootstrapper=true"], contextCustomizers = [org.springframework.boot.test.context.filter.ExcludeFilterContextCustomizer@7fbdb894, org.springframework.boot.test.json.DuplicateJsonObjectContextCustomizerFactory$DuplicateJsonObjectContextCustomizer@436c81a3, org.springframework.boot.test.mock.mockito.MockitoContextCustomizer@0, org.springframework.boot.test.web.client.TestRestTemplateContextCustomizer@3af0a9da, org.springframework.boot.test.context.SpringBootTestAnnotation@3b88f492], resourceBasePath = "src/main/webapp", contextLoader = org.springframework.boot.test.context.SpringBootContextLoader, parent = null]
	at org.springframework.test.context.cache.DefaultCacheAwareContextLoaderDelegate.loadContext(DefaultCacheAwareContextLoaderDelegate.java:143) ~[spring-test-6.0.13.jar:6.0.13]
	at org.springframework.test.context.support.DefaultTestContext.getApplicationContext(DefaultTestContext.java:127) ~[spring-test-6.0.13.jar:6.0.13]
	at org.springframework.test.context.web.ServletTestExecutionListener.setUpRequestContextIfNecessary(ServletTestExecutionListener.java:191) ~[spring-test-6.0.13.jar:6.0.13]
	at org.springframework.test.context.web.ServletTestExecutionListener.prepareTestInstance(ServletTestExecutionListener.java:130) ~[spring-test-6.0.13.jar:6.0.13]
	at org.springframework.test.context.TestContextManager.prepareTestInstance(TestContextManager.java:241) ~[spring-test-6.0.13.jar:6.0.13]
	at org.springframework.test.context.junit.jupiter.SpringExtension.postProcessTestInstance(SpringExtension.java:138) ~[spring-test-6.0.13.jar:6.0.13]
	at org.junit.jupiter.engine.descriptor.ClassBasedTestDescriptor.lambda$invokeTestInstancePostProcessors$10(ClassBasedTestDescriptor.java:377) ~[junit-jupiter-engine-5.9.3.jar:5.9.3]
	at org.junit.jupiter.engine.descriptor.ClassBasedTestDescriptor.executeAndMaskThrowable(ClassBasedTestDescriptor.java:382) ~[junit-jupiter-engine-5.9.3.jar:5.9.3]
	at org.junit.jupiter.engine.descriptor.ClassBasedTestDescriptor.lambda$invokeTestInstancePostProcessors$11(ClassBasedTestDescriptor.java:377) ~[junit-jupiter-engine-5.9.3.jar:5.9.3]
	at java.base/java.util.stream.ReferencePipeline$3$1.accept(ReferencePipeline.java:197) ~[na:na]
	at java.base/java.util.stream.ReferencePipeline$2$1.accept(ReferencePipeline.java:179) ~[na:na]
	at java.base/java.util.ArrayList$ArrayListSpliterator.forEachRemaining(ArrayList.java:1625) ~[na:na]
	at java.base/java.util.stream.AbstractPipeline.copyInto(AbstractPipeline.java:509) ~[na:na]
	at java.base/java.util.stream.AbstractPipeline.wrapAndCopyInto(AbstractPipeline.java:499) ~[na:na]
	at java.base/java.util.stream.StreamSpliterators$WrappingSpliterator.forEachRemaining(StreamSpliterators.java:310) ~[na:na]
	at java.base/java.util.stream.Streams$ConcatSpliterator.forEachRemaining(Streams.java:735) ~[na:na]
	at java.base/java.util.stream.Streams$ConcatSpliterator.forEachRemaining(Streams.java:734) ~[na:na]
	at java.base/java.util.stream.ReferencePipeline$Head.forEach(ReferencePipeline.java:762) ~[na:na]
	at org.junit.jupiter.engine.descriptor.ClassBasedTestDescriptor.invokeTestInstancePostProcessors(ClassBasedTestDescriptor.java:376) ~[junit-jupiter-engine-5.9.3.jar:5.9.3]
	at org.junit.jupiter.engine.descriptor.ClassBasedTestDescriptor.lambda$instantiateAndPostProcessTestInstance$6(ClassBasedTestDescriptor.java:289) ~[junit-jupiter-engine-5.9.3.jar:5.9.3]
	at org.junit.platform.engine.support.hierarchical.ThrowableCollector.execute(ThrowableCollector.java:73) ~[junit-platform-engine-1.9.3.jar:1.9.3]
	at org.junit.jupiter.engine.descriptor.ClassBasedTestDescriptor.instantiateAndPostProcessTestInstance(ClassBasedTestDescriptor.java:288) ~[junit-jupiter-engine-5.9.3.jar:5.9.3]
	at org.junit.jupiter.engine.descriptor.ClassBasedTestDescriptor.lambda$testInstancesProvider$4(ClassBasedTestDescriptor.java:278) ~[junit-jupiter-engine-5.9.3.jar:5.9.3]
	at java.base/java.util.Optional.orElseGet(Optional.java:364) ~[na:na]
	at org.junit.jupiter.engine.descriptor.ClassBasedTestDescriptor.lambda$testInstancesProvider$5(ClassBasedTestDescriptor.java:277) ~[junit-jupiter-engine-5.9.3.jar:5.9.3]
	at org.junit.jupiter.engine.execution.TestInstancesProvider.getTestInstances(TestInstancesProvider.java:31) ~[junit-jupiter-engine-5.9.3.jar:5.9.3]
	at org.junit.jupiter.engine.descriptor.TestMethodTestDescriptor.lambda$prepare$0(TestMethodTestDescriptor.java:105) ~[junit-jupiter-engine-5.9.3.jar:5.9.3]
	at org.junit.platform.engine.support.hierarchical.ThrowableCollector.execute(ThrowableCollector.java:73) ~[junit-platform-engine-1.9.3.jar:1.9.3]
	at org.junit.jupiter.engine.descriptor.TestMethodTestDescriptor.prepare(TestMethodTestDescriptor.java:104) ~[junit-jupiter-engine-5.9.3.jar:5.9.3]
	at org.junit.jupiter.engine.descriptor.TestMethodTestDescriptor.prepare(TestMethodTestDescriptor.java:68) ~[junit-jupiter-engine-5.9.3.jar:5.9.3]
	at org.junit.platform.engine.support.hierarchical.NodeTestTask.lambda$prepare$2(NodeTestTask.java:123) ~[junit-platform-engine-1.9.3.jar:1.9.3]
	at org.junit.platform.engine.support.hierarchical.ThrowableCollector.execute(ThrowableCollector.java:73) ~[junit-platform-engine-1.9.3.jar:1.9.3]
	at org.junit.platform.engine.support.hierarchical.NodeTestTask.prepare(NodeTestTask.java:123) ~[junit-platform-engine-1.9.3.jar:1.9.3]
	at org.junit.platform.engine.support.hierarchical.NodeTestTask.execute(NodeTestTask.java:90) ~[junit-platform-engine-1.9.3.jar:1.9.3]
	at java.base/java.util.ArrayList.forEach(ArrayList.java:1511) ~[na:na]
	at org.junit.platform.engine.support.hierarchical.SameThreadHierarchicalTestExecutorService.invokeAll(SameThreadHierarchicalTestExecutorService.java:41) ~[junit-platform-engine-1.9.3.jar:1.9.3]
	at org.junit.platform.engine.support.hierarchical.NodeTestTask.lambda$executeRecursively$6(NodeTestTask.java:155) ~[junit-platform-engine-1.9.3.jar:1.9.3]
	at org.junit.platform.engine.support.hierarchical.ThrowableCollector.execute(ThrowableCollector.java:73) ~[junit-platform-engine-1.9.3.jar:1.9.3]
	at org.junit.platform.engine.support.hierarchical.NodeTestTask.lambda$executeRecursively$8(NodeTestTask.java:141) ~[junit-platform-engine-1.9.3.jar:1.9.3]
	at org.junit.platform.engine.support.hierarchical.Node.around(Node.java:137) ~[junit-platform-engine-1.9.3.jar:1.9.3]
	at org.junit.platform.engine.support.hierarchical.NodeTestTask.lambda$executeRecursively$9(NodeTestTask.java:139) ~[junit-platform-engine-1.9.3.jar:1.9.3]
	at org.junit.platform.engine.support.hierarchical.ThrowableCollector.execute(ThrowableCollector.java:73) ~[junit-platform-engine-1.9.3.jar:1.9.3]
	at org.junit.platform.engine.support.hierarchical.NodeTestTask.executeRecursively(NodeTestTask.java:138) ~[junit-platform-engine-1.9.3.jar:1.9.3]
	at org.junit.platform.engine.support.hierarchical.NodeTestTask.execute(NodeTestTask.java:95) ~[junit-platform-engine-1.9.3.jar:1.9.3]
	at java.base/java.util.ArrayList.forEach(ArrayList.java:1511) ~[na:na]
	at org.junit.platform.engine.support.hierarchical.SameThreadHierarchicalTestExecutorService.invokeAll(SameThreadHierarchicalTestExecutorService.java:41) ~[junit-platform-engine-1.9.3.jar:1.9.3]
	at org.junit.platform.engine.support.hierarchical.NodeTestTask.lambda$executeRecursively$6(NodeTestTask.java:155) ~[junit-platform-engine-1.9.3.jar:1.9.3]
	at org.junit.platform.engine.support.hierarchical.ThrowableCollector.execute(ThrowableCollector.java:73) ~[junit-platform-engine-1.9.3.jar:1.9.3]
	at org.junit.platform.engine.support.hierarchical.NodeTestTask.lambda$executeRecursively$8(NodeTestTask.java:141) ~[junit-platform-engine-1.9.3.jar:1.9.3]
	at org.junit.platform.engine.support.hierarchical.Node.around(Node.java:137) ~[junit-platform-engine-1.9.3.jar:1.9.3]
	at org.junit.platform.engine.support.hierarchical.NodeTestTask.lambda$executeRecursively$9(NodeTestTask.java:139) ~[junit-platform-engine-1.9.3.jar:1.9.3]
	at org.junit.platform.engine.support.hierarchical.ThrowableCollector.execute(ThrowableCollector.java:73) ~[junit-platform-engine-1.9.3.jar:1.9.3]
	at org.junit.platform.engine.support.hierarchical.NodeTestTask.executeRecursively(NodeTestTask.java:138) ~[junit-platform-engine-1.9.3.jar:1.9.3]
	at org.junit.platform.engine.support.hierarchical.NodeTestTask.execute(NodeTestTask.java:95) ~[junit-platform-engine-1.9.3.jar:1.9.3]
	at org.junit.platform.engine.support.hierarchical.SameThreadHierarchicalTestExecutorService.submit(SameThreadHierarchicalTestExecutorService.java:35) ~[junit-platform-engine-1.9.3.jar:1.9.3]
	at org.junit.platform.engine.support.hierarchical.HierarchicalTestExecutor.execute(HierarchicalTestExecutor.java:57) ~[junit-platform-engine-1.9.3.jar:1.9.3]
	at org.junit.platform.engine.support.hierarchical.HierarchicalTestEngine.execute(HierarchicalTestEngine.java:54) ~[junit-platform-engine-1.9.3.jar:1.9.3]
	at org.junit.platform.launcher.core.EngineExecutionOrchestrator.execute(EngineExecutionOrchestrator.java:147) ~[junit-platform-launcher-1.9.3.jar:1.9.3]
	at org.junit.platform.launcher.core.EngineExecutionOrchestrator.execute(EngineExecutionOrchestrator.java:127) ~[junit-platform-launcher-1.9.3.jar:1.9.3]
	at org.junit.platform.launcher.core.EngineExecutionOrchestrator.execute(EngineExecutionOrchestrator.java:90) ~[junit-platform-launcher-1.9.3.jar:1.9.3]
	at org.junit.platform.launcher.core.EngineExecutionOrchestrator.lambda$execute$0(EngineExecutionOrchestrator.java:55) ~[junit-platform-launcher-1.9.3.jar:1.9.3]
	at org.junit.platform.launcher.core.EngineExecutionOrchestrator.withInterceptedStreams(EngineExecutionOrchestrator.java:102) ~[junit-platform-launcher-1.9.3.jar:1.9.3]
	at org.junit.platform.launcher.core.EngineExecutionOrchestrator.execute(EngineExecutionOrchestrator.java:54) ~[junit-platform-launcher-1.9.3.jar:1.9.3]
	at org.junit.platform.launcher.core.DefaultLauncher.execute(DefaultLauncher.java:114) ~[junit-platform-launcher-1.9.3.jar:1.9.3]
	at org.junit.platform.launcher.core.DefaultLauncher.execute(DefaultLauncher.java:86) ~[junit-platform-launcher-1.9.3.jar:1.9.3]
	at org.junit.platform.launcher.core.DefaultLauncherSession$DelegatingLauncher.execute(DefaultLauncherSession.java:86) ~[junit-platform-launcher-1.9.3.jar:1.9.3]
	at org.apache.maven.surefire.junitplatform.LazyLauncher.execute(LazyLauncher.java:56) ~[surefire-junit-platform-3.2.5.jar:3.2.5]
	at org.apache.maven.surefire.junitplatform.JUnitPlatformProvider.execute(JUnitPlatformProvider.java:184) ~[surefire-junit-platform-3.2.5.jar:3.2.5]
	at org.apache.maven.surefire.junitplatform.JUnitPlatformProvider.invokeAllTests(JUnitPlatformProvider.java:148) ~[surefire-junit-platform-3.2.5.jar:3.2.5]
	at org.apache.maven.surefire.junitplatform.JUnitPlatformProvider.invoke(JUnitPlatformProvider.java:122) ~[surefire-junit-platform-3.2.5.jar:3.2.5]
	at org.apache.maven.surefire.booter.ForkedBooter.runSuitesInProcess(ForkedBooter.java:385) ~[surefire-booter-3.2.5.jar:3.2.5]
	at org.apache.maven.surefire.booter.ForkedBooter.execute(ForkedBooter.java:162) ~[surefire-booter-3.2.5.jar:3.2.5]
	at org.apache.maven.surefire.booter.ForkedBooter.run(ForkedBooter.java:507) ~[surefire-booter-3.2.5.jar:3.2.5]
	at org.apache.maven.surefire.booter.ForkedBooter.main(ForkedBooter.java:495) ~[surefire-booter-3.2.5.jar:3.2.5]
Caused by: org.springframework.beans.factory.BeanCreationException: Error creating bean with name 'mongo' defined in class path resource [org/springframework/boot/autoconfigure/mongo/MongoAutoConfiguration.class]: Failed to instantiate [com.mongodb.client.MongoClient]: Factory method 'mongo' threw exception with message: 'com.mongodb.internal.connection.Cluster com.mongodb.internal.connection.DefaultClusterFactory.createCluster(com.mongodb.connection.ClusterSettings, com.mongodb.connection.ServerSettings, com.mongodb.connection.ConnectionPoolSettings, com.mongodb.internal.connection.InternalConnectionPoolSettings, com.mongodb.connection.StreamFactory, com.mongodb.connection.StreamFactory, com.mongodb.MongoCredential, com.mongodb.event.CommandListener, java.lang.String, com.mongodb.MongoDriverInformation, java.util.List, com.mongodb.ServerApi)'
	at org.springframework.beans.factory.support.ConstructorResolver.instantiate(ConstructorResolver.java:654) ~[spring-beans-6.0.13.jar:6.0.13]
	at org.springframework.beans.factory.support.ConstructorResolver.instantiateUsingFactoryMethod(ConstructorResolver.java:642) ~[spring-beans-6.0.13.jar:6.0.13]
	at org.springframework.beans.factory.support.AbstractAutowireCapableBeanFactory.instantiateUsingFactoryMethod(AbstractAutowireCapableBeanFactory.java:1332) ~[spring-beans-6.0.13.jar:6.0.13]
	at org.springframework.beans.factory.support.AbstractAutowireCapableBeanFactory.createBeanInstance(AbstractAutowireCapableBeanFactory.java:1162) ~[spring-beans-6.0.13.jar:6.0.13]
	at org.springframework.beans.factory.support.AbstractAutowireCapableBeanFactory.doCreateBean(AbstractAutowireCapableBeanFactory.java:560) ~[spring-beans-6.0.13.jar:6.0.13]
	at org.springframework.beans.factory.support.AbstractAutowireCapableBeanFactory.createBean(AbstractAutowireCapableBeanFactory.java:520) ~[spring-beans-6.0.13.jar:6.0.13]
	at org.springframework.beans.factory.support.AbstractBeanFactory.lambda$doGetBean$0(AbstractBeanFactory.java:325) ~[spring-beans-6.0.13.jar:6.0.13]
	at org.springframework.beans.factory.support.DefaultSingletonBeanRegistry.getSingleton(DefaultSingletonBeanRegistry.java:234) ~[spring-beans-6.0.13.jar:6.0.13]
	at org.springframework.beans.factory.support.AbstractBeanFactory.doGetBean(AbstractBeanFactory.java:323) ~[spring-beans-6.0.13.jar:6.0.13]
	at org.springframework.beans.factory.support.AbstractBeanFactory.getBean(AbstractBeanFactory.java:199) ~[spring-beans-6.0.13.jar:6.0.13]
	at org.springframework.beans.factory.support.DefaultListableBeanFactory.preInstantiateSingletons(DefaultListableBeanFactory.java:973) ~[spring-beans-6.0.13.jar:6.0.13]
	at org.springframework.context.support.AbstractApplicationContext.finishBeanFactoryInitialization(AbstractApplicationContext.java:950) ~[spring-context-6.0.13.jar:6.0.13]
	at org.springframework.context.support.AbstractApplicationContext.refresh(AbstractApplicationContext.java:616) ~[spring-context-6.0.13.jar:6.0.13]
	at org.springframework.boot.SpringApplication.refresh(SpringApplication.java:738) ~[spring-boot-3.1.5.jar:3.1.5]
	at org.springframework.boot.SpringApplication.refreshContext(SpringApplication.java:440) ~[spring-boot-3.1.5.jar:3.1.5]
	at org.springframework.boot.SpringApplication.run(SpringApplication.java:316) ~[spring-boot-3.1.5.jar:3.1.5]
	at org.springframework.boot.test.context.SpringBootContextLoader.lambda$loadContext$3(SpringBootContextLoader.java:137) ~[spring-boot-test-3.1.5.jar:3.1.5]
	at org.springframework.util.function.ThrowingSupplier.get(ThrowingSupplier.java:58) ~[spring-core-6.0.13.jar:6.0.13]
	at org.springframework.util.function.ThrowingSupplier.get(ThrowingSupplier.java:46) ~[spring-core-6.0.13.jar:6.0.13]
	at org.springframework.boot.SpringApplication.withHook(SpringApplication.java:1406) ~[spring-boot-3.1.5.jar:3.1.5]
	at org.springframework.boot.test.context.SpringBootContextLoader$ContextLoaderHook.run(SpringBootContextLoader.java:545) ~[spring-boot-test-3.1.5.jar:3.1.5]
	at org.springframework.boot.test.context.SpringBootContextLoader.loadContext(SpringBootContextLoader.java:137) ~[spring-boot-test-3.1.5.jar:3.1.5]
	at org.springframework.boot.test.context.SpringBootContextLoader.loadContext(SpringBootContextLoader.java:108) ~[spring-boot-test-3.1.5.jar:3.1.5]
	at org.springframework.test.context.cache.DefaultCacheAwareContextLoaderDelegate.loadContextInternal(DefaultCacheAwareContextLoaderDelegate.java:187) ~[spring-test-6.0.13.jar:6.0.13]
	at org.springframework.test.context.cache.DefaultCacheAwareContextLoaderDelegate.loadContext(DefaultCacheAwareContextLoaderDelegate.java:119) ~[spring-test-6.0.13.jar:6.0.13]
	... 73 common frames omitted
Caused by: org.springframework.beans.BeanInstantiationException: Failed to instantiate [com.mongodb.client.MongoClient]: Factory method 'mongo' threw exception with message: 'com.mongodb.internal.connection.Cluster com.mongodb.internal.connection.DefaultClusterFactory.createCluster(com.mongodb.connection.ClusterSettings, com.mongodb.connection.ServerSettings, com.mongodb.connection.ConnectionPoolSettings, com.mongodb.internal.connection.InternalConnectionPoolSettings, com.mongodb.connection.StreamFactory, com.mongodb.connection.StreamFactory, com.mongodb.MongoCredential, com.mongodb.event.CommandListener, java.lang.String, com.mongodb.MongoDriverInformation, java.util.List, com.mongodb.ServerApi)'
	at org.springframework.beans.factory.support.SimpleInstantiationStrategy.instantiate(SimpleInstantiationStrategy.java:171) ~[spring-beans-6.0.13.jar:6.0.13]
	at org.springframework.beans.factory.support.ConstructorResolver.instantiate(ConstructorResolver.java:650) ~[spring-beans-6.0.13.jar:6.0.13]
	... 97 common frames omitted
Caused by: java.lang.NoSuchMethodError: 'com.mongodb.internal.connection.Cluster com.mongodb.internal.connection.DefaultClusterFactory.createCluster(com.mongodb.connection.ClusterSettings, com.mongodb.connection.ServerSettings, com.mongodb.connection.ConnectionPoolSettings, com.mongodb.internal.connection.InternalConnectionPoolSettings, com.mongodb.connection.StreamFactory, com.mongodb.connection.StreamFactory, com.mongodb.MongoCredential, com.mongodb.event.CommandListener, java.lang.String, com.mongodb.MongoDriverInformation, java.util.List, com.mongodb.ServerApi)'
	at com.mongodb.client.internal.MongoClientImpl.createCluster(MongoClientImpl.java:225) ~[mongodb-driver-sync-4.8.0.jar:na]
	at com.mongodb.client.internal.MongoClientImpl.<init>(MongoClientImpl.java:73) ~[mongodb-driver-sync-4.8.0.jar:na]
	at com.mongodb.client.MongoClients.create(MongoClients.java:108) ~[mongodb-driver-sync-4.8.0.jar:na]
	at org.springframework.boot.autoconfigure.mongo.MongoClientFactorySupport.createMongoClient(MongoClientFactorySupport.java:50) ~[spring-boot-autoconfigure-3.1.5.jar:3.1.5]
	at org.springframework.boot.autoconfigure.mongo.MongoAutoConfiguration.mongo(MongoAutoConfiguration.java:59) ~[spring-boot-autoconfigure-3.1.5.jar:3.1.5]
	at java.base/jdk.internal.reflect.NativeMethodAccessorImpl.invoke0(Native Method) ~[na:na]
	at java.base/jdk.internal.reflect.NativeMethodAccessorImpl.invoke(NativeMethodAccessorImpl.java:77) ~[na:na]
	at java.base/jdk.internal.reflect.DelegatingMethodAccessorImpl.invoke(DelegatingMethodAccessorImpl.java:43) ~[na:na]
	at java.base/java.lang.reflect.Method.invoke(Method.java:568) ~[na:na]
	at org.springframework.beans.factory.support.SimpleInstantiationStrategy.instantiate(SimpleInstantiationStrategy.java:139) ~[spring-beans-6.0.13.jar:6.0.13]
	... 98 common frames omitted

]]></system-out>
  </testcase>
</testsuite>